<?xml version="1.0" encoding="UTF-8"?>
<coverage generated="1774019487308" clover="3.2.0">
  <project timestamp="1774019487309" name="All files">
    <metrics statements="1390" coveredstatements="1116" conditionals="323" coveredconditionals="267" methods="84" coveredmethods="56" elements="1797" coveredelements="1439" complexity="0" loc="1390" ncloc="1390" packages="6" files="28" classes="28"/>
    <package name="synergy-prompt-crafter">
      <metrics statements="236" coveredstatements="192" conditionals="55" coveredconditionals="41" methods="14" coveredmethods="6"/>
      <file name="App.tsx" path="C:\y\synergy-prompt-crafter\App.tsx">
        <metrics statements="145" coveredstatements="121" conditionals="40" coveredconditionals="32" methods="9" coveredmethods="4"/>
        <line num="1" count="1" type="stmt"/>
        <line num="2" count="1" type="stmt"/>
        <line num="3" count="1" type="stmt"/>
        <line num="5" count="1" type="stmt"/>
        <line num="6" count="1" type="stmt"/>
        <line num="7" count="1" type="stmt"/>
        <line num="8" count="1" type="stmt"/>
        <line num="9" count="1" type="stmt"/>
        <line num="10" count="1" type="stmt"/>
        <line num="11" count="1" type="stmt"/>
        <line num="12" count="1" type="stmt"/>
        <line num="13" count="1" type="stmt"/>
        <line num="14" count="1" type="stmt"/>
        <line num="15" count="1" type="stmt"/>
        <line num="16" count="1" type="stmt"/>
        <line num="17" count="1" type="stmt"/>
        <line num="18" count="1" type="stmt"/>
        <line num="20" count="1" type="stmt"/>
        <line num="23" count="1" type="cond" truecount="1" falsecount="0"/>
        <line num="24" count="49" type="stmt"/>
        <line num="27" count="49" type="cond" truecount="1" falsecount="1"/>
        <line num="28" count="49" type="cond" truecount="2" falsecount="0"/>
        <line num="29" count="49" type="stmt"/>
        <line num="30" count="49" type="cond" truecount="1" falsecount="0"/>
        <line num="31" count="49" type="stmt"/>
        <line num="34" count="49" type="stmt"/>
        <line num="35" count="49" type="stmt"/>
        <line num="36" count="49" type="stmt"/>
        <line num="37" count="49" type="stmt"/>
        <line num="38" count="49" type="stmt"/>
        <line num="39" count="49" type="stmt"/>
        <line num="40" count="49" type="stmt"/>
        <line num="41" count="49" type="stmt"/>
        <line num="43" count="49" type="stmt"/>
        <line num="45" count="49" type="cond" truecount="1" falsecount="1"/>
        <line num="46" count="49" type="stmt"/>
        <line num="47" count="49" type="stmt"/>
        <line num="48" count="49" type="cond" truecount="0" falsecount="1"/>
        <line num="50" count="49" type="cond" truecount="1" falsecount="0"/>
        <line num="51" count="12" type="cond" truecount="1" falsecount="0"/>
        <line num="52" count="24" type="stmt"/>
        <line num="53" count="24" type="cond" truecount="3" falsecount="0"/>
        <line num="54" count="24" type="cond" truecount="1" falsecount="2"/>
        <line num="55" count="0" type="stmt"/>
        <line num="56" count="0" type="stmt"/>
        <line num="57" count="0" type="stmt"/>
        <line num="58" count="12" type="stmt"/>
        <line num="60" count="49" type="stmt"/>
        <line num="62" count="49" type="stmt"/>
        <line num="63" count="0" type="stmt"/>
        <line num="64" count="0" type="stmt"/>
        <line num="65" count="0" type="stmt"/>
        <line num="66" count="0" type="stmt"/>
        <line num="68" count="49" type="cond" truecount="2" falsecount="0"/>
        <line num="69" count="49" type="stmt"/>
        <line num="71" count="49" type="stmt"/>
        <line num="72" count="0" type="stmt"/>
        <line num="73" count="49" type="stmt"/>
        <line num="75" count="49" type="stmt"/>
        <line num="76" count="0" type="stmt"/>
        <line num="77" count="0" type="stmt"/>
        <line num="78" count="0" type="stmt"/>
        <line num="79" count="0" type="stmt"/>
        <line num="80" count="49" type="stmt"/>
        <line num="82" count="49" type="stmt"/>
        <line num="83" count="0" type="stmt"/>
        <line num="84" count="49" type="stmt"/>
        <line num="86" count="49" type="cond" truecount="1" falsecount="0"/>
        <line num="87" count="1" type="stmt"/>
        <line num="88" count="1" type="stmt"/>
        <line num="89" count="49" type="stmt"/>
        <line num="91" count="49" type="cond" truecount="1" falsecount="0"/>
        <line num="92" count="1" type="stmt"/>
        <line num="93" count="1" type="stmt"/>
        <line num="94" count="1" type="stmt"/>
        <line num="95" count="1" type="stmt"/>
        <line num="96" count="1" type="stmt"/>
        <line num="97" count="1" type="stmt"/>
        <line num="98" count="1" type="stmt"/>
        <line num="99" count="1" type="stmt"/>
        <line num="100" count="1" type="cond" truecount="1" falsecount="0"/>
        <line num="101" count="2" type="cond" truecount="1" falsecount="0"/>
        <line num="102" count="2" type="stmt"/>
        <line num="103" count="2" type="cond" truecount="3" falsecount="0"/>
        <line num="104" count="1" type="stmt"/>
        <line num="105" count="49" type="stmt"/>
        <line num="107" count="49" type="stmt"/>
        <line num="108" count="0" type="stmt"/>
        <line num="109" count="0" type="stmt"/>
        <line num="110" count="0" type="stmt"/>
        <line num="111" count="49" type="stmt"/>
        <line num="113" count="49" type="stmt"/>
        <line num="115" count="49" type="cond" truecount="1" falsecount="0"/>
        <line num="116" count="49" type="stmt"/>
        <line num="117" count="49" type="cond" truecount="1" falsecount="0"/>
        <line num="118" count="35" type="cond" truecount="1" falsecount="0"/>
        <line num="119" count="49" type="cond" truecount="1" falsecount="0"/>
        <line num="120" count="4" type="stmt"/>
        <line num="121" count="49" type="cond" truecount="1" falsecount="0"/>
        <line num="122" count="3" type="cond" truecount="1" falsecount="0"/>
        <line num="123" count="49" type="cond" truecount="1" falsecount="0"/>
        <line num="124" count="6" type="stmt"/>
        <line num="125" count="49" type="cond" truecount="1" falsecount="0"/>
        <line num="126" count="1" type="stmt"/>
        <line num="127" count="49" type="cond" truecount="0" falsecount="1"/>
        <line num="128" count="0" type="stmt"/>
        <line num="129" count="49" type="stmt"/>
        <line num="130" count="49" type="stmt"/>
        <line num="132" count="49" type="stmt"/>
        <line num="133" count="49" type="stmt"/>
        <line num="134" count="49" type="stmt"/>
        <line num="135" count="49" type="stmt"/>
        <line num="136" count="49" type="stmt"/>
        <line num="137" count="49" type="stmt"/>
        <line num="138" count="49" type="stmt"/>
        <line num="139" count="49" type="stmt"/>
        <line num="140" count="49" type="cond" truecount="1" falsecount="1"/>
        <line num="141" count="49" type="stmt"/>
        <line num="142" count="49" type="stmt"/>
        <line num="144" count="49" type="stmt"/>
        <line num="145" count="49" type="stmt"/>
        <line num="146" count="49" type="cond" truecount="0" falsecount="1"/>
        <line num="147" count="0" type="stmt"/>
        <line num="148" count="0" type="stmt"/>
        <line num="149" count="0" type="stmt"/>
        <line num="150" count="0" type="stmt"/>
        <line num="151" count="0" type="stmt"/>
        <line num="152" count="0" type="stmt"/>
        <line num="153" count="0" type="stmt"/>
        <line num="155" count="49" type="stmt"/>
        <line num="156" count="49" type="stmt"/>
        <line num="157" count="49" type="stmt"/>
        <line num="158" count="49" type="cond" truecount="2" falsecount="0"/>
        <line num="159" count="1" type="stmt"/>
        <line num="160" count="1" type="stmt"/>
        <line num="161" count="1" type="stmt"/>
        <line num="162" count="1" type="stmt"/>
        <line num="164" count="49" type="stmt"/>
        <line num="165" count="49" type="stmt"/>
        <line num="166" count="49" type="stmt"/>
        <line num="167" count="49" type="stmt"/>
        <line num="168" count="49" type="stmt"/>
        <line num="169" count="49" type="stmt"/>
        <line num="171" count="49" type="stmt"/>
        <line num="173" count="1" type="stmt"/>
      </file>
      <file name="constants.ts" path="C:\y\synergy-prompt-crafter\constants.ts">
        <metrics statements="49" coveredstatements="49" conditionals="3" coveredconditionals="0" methods="0" coveredmethods="0"/>
        <line num="4" count="1" type="stmt"/>
        <line num="5" count="1" type="stmt"/>
        <line num="6" count="1" type="stmt"/>
        <line num="7" count="1" type="stmt"/>
        <line num="8" count="1" type="stmt"/>
        <line num="9" count="1" type="stmt"/>
        <line num="10" count="1" type="stmt"/>
        <line num="11" count="1" type="stmt"/>
        <line num="12" count="1" type="stmt"/>
        <line num="13" count="1" type="stmt"/>
        <line num="14" count="1" type="stmt"/>
        <line num="15" count="1" type="stmt"/>
        <line num="16" count="1" type="stmt"/>
        <line num="17" count="1" type="stmt"/>
        <line num="18" count="1" type="stmt"/>
        <line num="19" count="1" type="stmt"/>
        <line num="20" count="1" type="stmt"/>
        <line num="21" count="1" type="stmt"/>
        <line num="22" count="1" type="stmt"/>
        <line num="23" count="1" type="stmt"/>
        <line num="24" count="1" type="stmt"/>
        <line num="25" count="1" type="stmt"/>
        <line num="27" count="1" type="stmt"/>
        <line num="28" count="1" type="stmt"/>
        <line num="29" count="1" type="stmt"/>
        <line num="30" count="1" type="stmt"/>
        <line num="31" count="1" type="stmt"/>
        <line num="32" count="1" type="stmt"/>
        <line num="33" count="1" type="stmt"/>
        <line num="34" count="1" type="stmt"/>
        <line num="35" count="1" type="stmt"/>
        <line num="36" count="1" type="stmt"/>
        <line num="38" count="1" type="stmt"/>
        <line num="39" count="1" type="stmt"/>
        <line num="40" count="1" type="stmt"/>
        <line num="41" count="1" type="stmt"/>
        <line num="43" count="1" type="stmt"/>
        <line num="44" count="1" type="stmt"/>
        <line num="45" count="1" type="stmt"/>
        <line num="46" count="1" type="stmt"/>
        <line num="47" count="1" type="stmt"/>
        <line num="49" count="1" type="stmt"/>
        <line num="51" count="1" type="stmt"/>
        <line num="52" count="1" type="stmt"/>
        <line num="54" count="1" type="stmt"/>
        <line num="55" count="1" type="cond" truecount="0" falsecount="1"/>
        <line num="56" count="1" type="cond" truecount="0" falsecount="1"/>
        <line num="57" count="1" type="cond" truecount="0" falsecount="1"/>
        <line num="58" count="1" type="stmt"/>
      </file>
      <file name="index.tsx" path="C:\y\synergy-prompt-crafter\index.tsx">
        <metrics statements="16" coveredstatements="0" conditionals="1" coveredconditionals="0" methods="1" coveredmethods="0"/>
        <line num="1" count="0" type="cond" truecount="0" falsecount="1"/>
        <line num="2" count="0" type="stmt"/>
        <line num="3" count="0" type="stmt"/>
        <line num="4" count="0" type="stmt"/>
        <line num="6" count="0" type="stmt"/>
        <line num="7" count="0" type="stmt"/>
        <line num="8" count="0" type="stmt"/>
        <line num="9" count="0" type="stmt"/>
        <line num="11" count="0" type="stmt"/>
        <line num="12" count="0" type="stmt"/>
        <line num="13" count="0" type="stmt"/>
        <line num="14" count="0" type="stmt"/>
        <line num="15" count="0" type="stmt"/>
        <line num="16" count="0" type="stmt"/>
        <line num="17" count="0" type="stmt"/>
        <line num="18" count="0" type="stmt"/>
      </file>
      <file name="navigation.ts" path="C:\y\synergy-prompt-crafter\navigation.ts">
        <metrics statements="16" coveredstatements="16" conditionals="8" coveredconditionals="8" methods="2" coveredmethods="2"/>
        <line num="5" count="1" type="stmt"/>
        <line num="7" count="1" type="stmt"/>
        <line num="8" count="1" type="stmt"/>
        <line num="9" count="1" type="stmt"/>
        <line num="10" count="1" type="stmt"/>
        <line num="11" count="1" type="stmt"/>
        <line num="12" count="1" type="stmt"/>
        <line num="13" count="1" type="stmt"/>
        <line num="15" count="1" type="cond" truecount="1" falsecount="0"/>
        <line num="16" count="14" type="cond" truecount="1" falsecount="0"/>
        <line num="17" count="14" type="cond" truecount="2" falsecount="0"/>
        <line num="18" count="14" type="stmt"/>
        <line num="20" count="1" type="cond" truecount="1" falsecount="0"/>
        <line num="21" count="3" type="cond" truecount="1" falsecount="0"/>
        <line num="22" count="3" type="cond" truecount="2" falsecount="0"/>
        <line num="23" count="3" type="stmt"/>
      </file>
      <file name="postcss.config.js" path="C:\y\synergy-prompt-crafter\postcss.config.js">
        <metrics statements="2" coveredstatements="0" conditionals="1" coveredconditionals="0" methods="1" coveredmethods="0"/>
        <line num="1" count="0" type="cond" truecount="0" falsecount="1"/>
        <line num="2" count="0" type="stmt"/>
      </file>
      <file name="tailwind.config.js" path="C:\y\synergy-prompt-crafter\tailwind.config.js">
        <metrics statements="2" coveredstatements="0" conditionals="1" coveredconditionals="0" methods="1" coveredmethods="0"/>
        <line num="1" count="0" type="cond" truecount="0" falsecount="1"/>
        <line num="2" count="0" type="stmt"/>
      </file>
      <file name="types.ts" path="C:\y\synergy-prompt-crafter\types.ts">
        <metrics statements="6" coveredstatements="6" conditionals="1" coveredconditionals="1" methods="0" coveredmethods="0"/>
        <line num="2" count="1" type="cond" truecount="1" falsecount="0"/>
        <line num="3" count="1" type="stmt"/>
        <line num="4" count="1" type="stmt"/>
        <line num="5" count="1" type="stmt"/>
        <line num="6" count="1" type="stmt"/>
        <line num="7" count="1" type="stmt"/>
      </file>
    </package>
    <package name="synergy-prompt-crafter.components">
      <metrics statements="356" coveredstatements="322" conditionals="77" coveredconditionals="73" methods="23" coveredmethods="20"/>
      <file name="ActionButton.tsx" path="C:\y\synergy-prompt-crafter\components\ActionButton.tsx">
        <metrics statements="37" coveredstatements="33" conditionals="8" coveredconditionals="6" methods="1" coveredmethods="1"/>
        <line num="14" count="1" type="cond" truecount="1" falsecount="0"/>
        <line num="15" count="343" type="stmt"/>
        <line num="16" count="343" type="stmt"/>
        <line num="17" count="343" type="stmt"/>
        <line num="18" count="343" type="stmt"/>
        <line num="19" count="343" type="stmt"/>
        <line num="20" count="343" type="stmt"/>
        <line num="21" count="343" type="stmt"/>
        <line num="22" count="343" type="stmt"/>
        <line num="23" count="343" type="stmt"/>
        <line num="25" count="343" type="stmt"/>
        <line num="26" count="343" type="stmt"/>
        <line num="27" count="343" type="cond" truecount="1" falsecount="0"/>
        <line num="28" count="285" type="stmt"/>
        <line num="29" count="285" type="stmt"/>
        <line num="30" count="343" type="cond" truecount="1" falsecount="0"/>
        <line num="31" count="58" type="stmt"/>
        <line num="32" count="58" type="stmt"/>
        <line num="33" count="343" type="cond" truecount="0" falsecount="1"/>
        <line num="34" count="0" type="stmt"/>
        <line num="35" count="0" type="stmt"/>
        <line num="36" count="343" type="cond" truecount="0" falsecount="1"/>
        <line num="37" count="0" type="stmt"/>
        <line num="38" count="0" type="stmt"/>
        <line num="39" count="343" type="stmt"/>
        <line num="41" count="343" type="cond" truecount="2" falsecount="0"/>
        <line num="43" count="343" type="stmt"/>
        <line num="44" count="343" type="stmt"/>
        <line num="45" count="343" type="stmt"/>
        <line num="46" count="343" type="stmt"/>
        <line num="47" count="343" type="stmt"/>
        <line num="48" count="343" type="stmt"/>
        <line num="50" count="343" type="cond" truecount="1" falsecount="0"/>
        <line num="51" count="343" type="stmt"/>
        <line num="52" count="343" type="stmt"/>
        <line num="54" count="343" type="stmt"/>
        <line num="56" count="1" type="stmt"/>
      </file>
      <file name="Icons.tsx" path="C:\y\synergy-prompt-crafter\components\Icons.tsx">
        <metrics statements="37" coveredstatements="37" conditionals="9" coveredconditionals="9" methods="9" coveredmethods="9"/>
        <line num="4" count="1" type="cond" truecount="1" falsecount="0"/>
        <line num="5" count="105" type="stmt"/>
        <line num="6" count="105" type="stmt"/>
        <line num="7" count="105" type="stmt"/>
        <line num="10" count="1" type="cond" truecount="1" falsecount="0"/>
        <line num="11" count="34" type="stmt"/>
        <line num="12" count="34" type="stmt"/>
        <line num="13" count="34" type="stmt"/>
        <line num="16" count="1" type="cond" truecount="1" falsecount="0"/>
        <line num="17" count="44" type="stmt"/>
        <line num="18" count="44" type="stmt"/>
        <line num="19" count="44" type="stmt"/>
        <line num="22" count="1" type="cond" truecount="1" falsecount="0"/>
        <line num="23" count="48" type="stmt"/>
        <line num="24" count="48" type="stmt"/>
        <line num="25" count="48" type="stmt"/>
        <line num="28" count="1" type="cond" truecount="1" falsecount="0"/>
        <line num="29" count="1" type="stmt"/>
        <line num="30" count="1" type="stmt"/>
        <line num="31" count="1" type="stmt"/>
        <line num="34" count="1" type="cond" truecount="1" falsecount="0"/>
        <line num="35" count="37" type="stmt"/>
        <line num="36" count="37" type="stmt"/>
        <line num="37" count="37" type="stmt"/>
        <line num="40" count="1" type="cond" truecount="1" falsecount="0"/>
        <line num="41" count="81" type="stmt"/>
        <line num="42" count="81" type="stmt"/>
        <line num="43" count="81" type="stmt"/>
        <line num="46" count="1" type="cond" truecount="1" falsecount="0"/>
        <line num="47" count="1" type="stmt"/>
        <line num="48" count="1" type="stmt"/>
        <line num="49" count="1" type="stmt"/>
        <line num="52" count="1" type="cond" truecount="1" falsecount="0"/>
        <line num="53" count="49" type="stmt"/>
        <line num="54" count="49" type="stmt"/>
        <line num="55" count="49" type="stmt"/>
        <line num="56" count="49" type="stmt"/>
      </file>
      <file name="LoadingSpinner.tsx" path="C:\y\synergy-prompt-crafter\components\LoadingSpinner.tsx">
        <metrics statements="7" coveredstatements="7" conditionals="1" coveredconditionals="1" methods="1" coveredmethods="1"/>
        <line num="4" count="1" type="cond" truecount="1" falsecount="0"/>
        <line num="5" count="40" type="stmt"/>
        <line num="6" count="40" type="stmt"/>
        <line num="7" count="40" type="stmt"/>
        <line num="8" count="40" type="stmt"/>
        <line num="10" count="40" type="stmt"/>
        <line num="12" count="1" type="stmt"/>
      </file>
      <file name="Pill.tsx" path="C:\y\synergy-prompt-crafter\components\Pill.tsx">
        <metrics statements="34" coveredstatements="31" conditionals="5" coveredconditionals="4" methods="2" coveredmethods="1"/>
        <line num="14" count="1" type="cond" truecount="1" falsecount="0"/>
        <line num="15" count="46" type="stmt"/>
        <line num="16" count="46" type="stmt"/>
        <line num="17" count="46" type="stmt"/>
        <line num="18" count="46" type="stmt"/>
        <line num="19" count="46" type="stmt"/>
        <line num="20" count="46" type="stmt"/>
        <line num="21" count="46" type="stmt"/>
        <line num="22" count="46" type="stmt"/>
        <line num="23" count="46" type="stmt"/>
        <line num="24" count="46" type="stmt"/>
        <line num="25" count="46" type="cond" truecount="0" falsecount="1"/>
        <line num="26" count="46" type="cond" truecount="2" falsecount="0"/>
        <line num="28" count="46" type="stmt"/>
        <line num="29" count="46" type="stmt"/>
        <line num="30" count="46" type="stmt"/>
        <line num="31" count="46" type="stmt"/>
        <line num="32" count="46" type="stmt"/>
        <line num="34" count="46" type="stmt"/>
        <line num="35" count="46" type="cond" truecount="1" falsecount="0"/>
        <line num="36" count="40" type="stmt"/>
        <line num="37" count="40" type="stmt"/>
        <line num="38" count="0" type="stmt"/>
        <line num="39" count="0" type="stmt"/>
        <line num="40" count="0" type="stmt"/>
        <line num="41" count="40" type="stmt"/>
        <line num="42" count="40" type="stmt"/>
        <line num="44" count="40" type="stmt"/>
        <line num="45" count="40" type="stmt"/>
        <line num="46" count="40" type="stmt"/>
        <line num="47" count="40" type="stmt"/>
        <line num="49" count="46" type="stmt"/>
        <line num="51" count="46" type="stmt"/>
        <line num="53" count="1" type="stmt"/>
      </file>
      <file name="ProviderSelector.tsx" path="C:\y\synergy-prompt-crafter\components\ProviderSelector.tsx">
        <metrics statements="39" coveredstatements="39" conditionals="8" coveredconditionals="8" methods="2" coveredmethods="1"/>
        <line num="15" count="1" type="stmt"/>
        <line num="16" count="1" type="stmt"/>
        <line num="17" count="1" type="stmt"/>
        <line num="18" count="1" type="stmt"/>
        <line num="19" count="1" type="stmt"/>
        <line num="21" count="1" type="stmt"/>
        <line num="22" count="1" type="stmt"/>
        <line num="23" count="1" type="stmt"/>
        <line num="24" count="1" type="stmt"/>
        <line num="25" count="1" type="stmt"/>
        <line num="27" count="1" type="cond" truecount="1" falsecount="0"/>
        <line num="28" count="49" type="stmt"/>
        <line num="29" count="49" type="stmt"/>
        <line num="30" count="49" type="stmt"/>
        <line num="31" count="49" type="stmt"/>
        <line num="32" count="49" type="cond" truecount="1" falsecount="0"/>
        <line num="33" count="98" type="stmt"/>
        <line num="34" count="98" type="stmt"/>
        <line num="35" count="98" type="stmt"/>
        <line num="36" count="98" type="stmt"/>
        <line num="37" count="98" type="stmt"/>
        <line num="38" count="98" type="stmt"/>
        <line num="39" count="98" type="cond" truecount="2" falsecount="0"/>
        <line num="40" count="98" type="stmt"/>
        <line num="41" count="98" type="cond" truecount="1" falsecount="0"/>
        <line num="42" count="49" type="cond" truecount="1" falsecount="0"/>
        <line num="43" count="49" type="cond" truecount="1" falsecount="0"/>
        <line num="44" count="23" type="cond" truecount="1" falsecount="0"/>
        <line num="45" count="26" type="stmt"/>
        <line num="46" count="98" type="stmt"/>
        <line num="48" count="98" type="stmt"/>
        <line num="49" count="98" type="stmt"/>
        <line num="50" count="98" type="stmt"/>
        <line num="51" count="98" type="stmt"/>
        <line num="53" count="49" type="stmt"/>
        <line num="54" count="49" type="stmt"/>
        <line num="55" count="49" type="stmt"/>
        <line num="57" count="49" type="stmt"/>
        <line num="59" count="1" type="stmt"/>
      </file>
      <file name="SettingsPanel.tsx" path="C:\y\synergy-prompt-crafter\components\SettingsPanel.tsx">
        <metrics statements="109" coveredstatements="109" conditionals="24" coveredconditionals="24" methods="4" coveredmethods="4"/>
        <line num="1" count="1" type="stmt"/>
        <line num="2" count="1" type="stmt"/>
        <line num="3" count="1" type="stmt"/>
        <line num="4" count="1" type="stmt"/>
        <line num="5" count="1" type="stmt"/>
        <line num="34" count="1" type="cond" truecount="1" falsecount="0"/>
        <line num="35" count="36" type="stmt"/>
        <line num="36" count="36" type="stmt"/>
        <line num="37" count="36" type="stmt"/>
        <line num="38" count="36" type="stmt"/>
        <line num="39" count="36" type="stmt"/>
        <line num="40" count="36" type="stmt"/>
        <line num="41" count="36" type="stmt"/>
        <line num="42" count="36" type="stmt"/>
        <line num="43" count="36" type="stmt"/>
        <line num="45" count="36" type="cond" truecount="1" falsecount="0"/>
        <line num="46" count="13" type="stmt"/>
        <line num="47" count="13" type="stmt"/>
        <line num="48" count="13" type="cond" truecount="1" falsecount="0"/>
        <line num="49" count="12" type="stmt"/>
        <line num="50" count="13" type="cond" truecount="1" falsecount="0"/>
        <line num="51" count="1" type="stmt"/>
        <line num="52" count="13" type="cond" truecount="2" falsecount="0"/>
        <line num="53" count="1" type="stmt"/>
        <line num="54" count="1" type="cond" truecount="1" falsecount="0"/>
        <line num="55" count="12" type="stmt"/>
        <line num="56" count="36" type="stmt"/>
        <line num="58" count="36" type="cond" truecount="1" falsecount="0"/>
        <line num="59" count="12" type="stmt"/>
        <line num="61" count="36" type="stmt"/>
        <line num="63" count="36" type="cond" truecount="1" falsecount="0"/>
        <line num="64" count="3" type="cond" truecount="1" falsecount="0"/>
        <line num="65" count="3" type="stmt"/>
        <line num="67" count="36" type="stmt"/>
        <line num="68" count="36" type="stmt"/>
        <line num="69" count="36" type="stmt"/>
        <line num="70" count="36" type="stmt"/>
        <line num="71" count="36" type="stmt"/>
        <line num="72" count="36" type="stmt"/>
        <line num="73" count="36" type="stmt"/>
        <line num="75" count="36" type="stmt"/>
        <line num="77" count="36" type="stmt"/>
        <line num="78" count="36" type="stmt"/>
        <line num="79" count="36" type="stmt"/>
        <line num="80" count="36" type="stmt"/>
        <line num="81" count="36" type="stmt"/>
        <line num="82" count="36" type="stmt"/>
        <line num="84" count="36" type="stmt"/>
        <line num="85" count="36" type="stmt"/>
        <line num="86" count="36" type="stmt"/>
        <line num="87" count="36" type="stmt"/>
        <line num="88" count="36" type="stmt"/>
        <line num="91" count="36" type="stmt"/>
        <line num="92" count="36" type="stmt"/>
        <line num="94" count="36" type="stmt"/>
        <line num="95" count="36" type="stmt"/>
        <line num="96" count="36" type="stmt"/>
        <line num="97" count="36" type="stmt"/>
        <line num="98" count="36" type="cond" truecount="1" falsecount="0"/>
        <line num="99" count="36" type="stmt"/>
        <line num="100" count="36" type="stmt"/>
        <line num="102" count="36" type="cond" truecount="1" falsecount="0"/>
        <line num="103" count="180" type="stmt"/>
        <line num="104" count="36" type="stmt"/>
        <line num="105" count="36" type="stmt"/>
        <line num="106" count="36" type="stmt"/>
        <line num="107" count="36" type="stmt"/>
        <line num="108" count="36" type="stmt"/>
        <line num="109" count="36" type="stmt"/>
        <line num="111" count="36" type="stmt"/>
        <line num="114" count="36" type="stmt"/>
        <line num="115" count="36" type="stmt"/>
        <line num="116" count="36" type="stmt"/>
        <line num="118" count="36" type="stmt"/>
        <line num="119" count="36" type="stmt"/>
        <line num="120" count="36" type="stmt"/>
        <line num="121" count="36" type="stmt"/>
        <line num="122" count="36" type="stmt"/>
        <line num="123" count="36" type="stmt"/>
        <line num="125" count="36" type="cond" truecount="2" falsecount="0"/>
        <line num="127" count="36" type="stmt"/>
        <line num="128" count="36" type="stmt"/>
        <line num="130" count="36" type="cond" truecount="2" falsecount="0"/>
        <line num="131" count="12" type="stmt"/>
        <line num="132" count="12" type="stmt"/>
        <line num="133" count="12" type="stmt"/>
        <line num="134" count="12" type="cond" truecount="1" falsecount="0"/>
        <line num="135" count="24" type="cond" truecount="1" falsecount="0"/>
        <line num="136" count="1" type="cond" truecount="1" falsecount="0"/>
        <line num="137" count="23" type="cond" truecount="1" falsecount="0"/>
        <line num="138" count="11" type="stmt"/>
        <line num="139" count="11" type="stmt"/>
        <line num="140" count="11" type="stmt"/>
        <line num="141" count="11" type="cond" truecount="1" falsecount="0"/>
        <line num="142" count="11" type="stmt"/>
        <line num="144" count="11" type="cond" truecount="1" falsecount="0"/>
        <line num="145" count="34" type="stmt"/>
        <line num="146" count="11" type="stmt"/>
        <line num="147" count="11" type="cond" truecount="1" falsecount="0"/>
        <line num="148" count="12" type="stmt"/>
        <line num="150" count="36" type="cond" truecount="1" falsecount="0"/>
        <line num="151" count="10" type="stmt"/>
        <line num="152" count="10" type="stmt"/>
        <line num="153" count="10" type="stmt"/>
        <line num="155" count="36" type="stmt"/>
        <line num="156" count="36" type="stmt"/>
        <line num="157" count="36" type="stmt"/>
        <line num="159" count="36" type="stmt"/>
        <line num="161" count="1" type="stmt"/>
      </file>
      <file name="StageProgressBar.tsx" path="C:\y\synergy-prompt-crafter\components\StageProgressBar.tsx">
        <metrics statements="43" coveredstatements="43" conditionals="19" coveredconditionals="19" methods="1" coveredmethods="1"/>
        <line num="10" count="1" type="cond" truecount="1" falsecount="0"/>
        <line num="11" count="49" type="cond" truecount="1" falsecount="0"/>
        <line num="13" count="49" type="stmt"/>
        <line num="14" count="49" type="stmt"/>
        <line num="15" count="49" type="stmt"/>
        <line num="16" count="49" type="cond" truecount="1" falsecount="0"/>
        <line num="17" count="245" type="stmt"/>
        <line num="18" count="245" type="cond" truecount="1" falsecount="0"/>
        <line num="19" count="32" type="stmt"/>
        <line num="20" count="32" type="stmt"/>
        <line num="21" count="32" type="stmt"/>
        <line num="23" count="245" type="cond" truecount="2" falsecount="0"/>
        <line num="24" count="48" type="stmt"/>
        <line num="25" count="48" type="stmt"/>
        <line num="26" count="48" type="stmt"/>
        <line num="27" count="48" type="stmt"/>
        <line num="29" count="245" type="cond" truecount="1" falsecount="0"/>
        <line num="30" count="164" type="stmt"/>
        <line num="31" count="164" type="stmt"/>
        <line num="32" count="164" type="stmt"/>
        <line num="34" count="245" type="stmt"/>
        <line num="35" count="245" type="stmt"/>
        <line num="36" count="245" type="cond" truecount="2" falsecount="0"/>
        <line num="37" count="245" type="cond" truecount="2" falsecount="0"/>
        <line num="38" count="245" type="cond" truecount="2" falsecount="0"/>
        <line num="41" count="245" type="cond" truecount="1" falsecount="0"/>
        <line num="42" count="32" type="stmt"/>
        <line num="43" count="32" type="stmt"/>
        <line num="44" count="32" type="cond" truecount="1" falsecount="0"/>
        <line num="46" count="213" type="stmt"/>
        <line num="48" count="245" type="stmt"/>
        <line num="49" count="245" type="stmt"/>
        <line num="50" count="245" type="stmt"/>
        <line num="51" count="245" type="cond" truecount="2" falsecount="0"/>
        <line num="52" count="245" type="cond" truecount="2" falsecount="0"/>
        <line num="55" count="245" type="stmt"/>
        <line num="56" count="245" type="stmt"/>
        <line num="57" count="245" type="stmt"/>
        <line num="58" count="49" type="stmt"/>
        <line num="59" count="49" type="stmt"/>
        <line num="60" count="49" type="stmt"/>
        <line num="62" count="49" type="stmt"/>
        <line num="64" count="1" type="stmt"/>
      </file>
      <file name="Toast.tsx" path="C:\y\synergy-prompt-crafter\components\Toast.tsx">
        <metrics statements="50" coveredstatements="23" conditionals="3" coveredconditionals="2" methods="3" coveredmethods="2"/>
        <line num="1" count="1" type="stmt"/>
        <line num="13" count="1" type="stmt"/>
        <line num="15" count="1" type="cond" truecount="1" falsecount="0"/>
        <line num="16" count="49" type="stmt"/>
        <line num="17" count="49" type="cond" truecount="0" falsecount="1"/>
        <line num="18" count="49" type="stmt"/>
        <line num="19" count="49" type="stmt"/>
        <line num="21" count="1" type="stmt"/>
        <line num="22" count="0" type="stmt"/>
        <line num="23" count="0" type="stmt"/>
        <line num="24" count="0" type="stmt"/>
        <line num="25" count="0" type="stmt"/>
        <line num="27" count="0" type="stmt"/>
        <line num="28" count="0" type="stmt"/>
        <line num="29" count="0" type="stmt"/>
        <line num="30" count="0" type="stmt"/>
        <line num="31" count="0" type="stmt"/>
        <line num="32" count="0" type="stmt"/>
        <line num="34" count="0" type="stmt"/>
        <line num="35" count="0" type="stmt"/>
        <line num="36" count="0" type="stmt"/>
        <line num="37" count="0" type="stmt"/>
        <line num="39" count="0" type="stmt"/>
        <line num="40" count="0" type="stmt"/>
        <line num="41" count="0" type="stmt"/>
        <line num="42" count="0" type="stmt"/>
        <line num="43" count="0" type="stmt"/>
        <line num="44" count="0" type="stmt"/>
        <line num="46" count="0" type="stmt"/>
        <line num="47" count="0" type="stmt"/>
        <line num="49" count="0" type="stmt"/>
        <line num="51" count="1" type="cond" truecount="1" falsecount="0"/>
        <line num="52" count="12" type="stmt"/>
        <line num="54" count="12" type="stmt"/>
        <line num="55" count="0" type="stmt"/>
        <line num="56" count="0" type="stmt"/>
        <line num="57" count="12" type="stmt"/>
        <line num="59" count="12" type="stmt"/>
        <line num="60" count="0" type="stmt"/>
        <line num="61" count="12" type="stmt"/>
        <line num="63" count="12" type="stmt"/>
        <line num="64" count="12" type="stmt"/>
        <line num="65" count="12" type="stmt"/>
        <line num="66" count="12" type="stmt"/>
        <line num="67" count="12" type="stmt"/>
        <line num="68" count="0" type="stmt"/>
        <line num="69" count="12" type="stmt"/>
        <line num="70" count="12" type="stmt"/>
        <line num="71" count="12" type="stmt"/>
        <line num="73" count="12" type="stmt"/>
      </file>
    </package>
    <package name="synergy-prompt-crafter.components.stages">
      <metrics statements="370" coveredstatements="344" conditionals="116" coveredconditionals="89" methods="21" coveredmethods="13"/>
      <file name="AIRefinementStage.tsx" path="C:\y\synergy-prompt-crafter\components\stages\AIRefinementStage.tsx">
        <metrics statements="88" coveredstatements="88" conditionals="46" coveredconditionals="44" methods="4" coveredmethods="4"/>
        <line num="1" count="1" type="stmt"/>
        <line num="4" count="1" type="stmt"/>
        <line num="5" count="1" type="stmt"/>
        <line num="6" count="1" type="stmt"/>
        <line num="7" count="1" type="stmt"/>
        <line num="22" count="1" type="cond" truecount="1" falsecount="0"/>
        <line num="23" count="37" type="stmt"/>
        <line num="24" count="37" type="stmt"/>
        <line num="25" count="37" type="stmt"/>
        <line num="26" count="37" type="stmt"/>
        <line num="27" count="37" type="stmt"/>
        <line num="28" count="37" type="cond" truecount="1" falsecount="0"/>
        <line num="29" count="37" type="stmt"/>
        <line num="30" count="37" type="stmt"/>
        <line num="31" count="37" type="stmt"/>
        <line num="32" count="37" type="cond" truecount="1" falsecount="0"/>
        <line num="33" count="37" type="stmt"/>
        <line num="34" count="37" type="stmt"/>
        <line num="35" count="37" type="stmt"/>
        <line num="36" count="37" type="stmt"/>
        <line num="37" count="37" type="cond" truecount="1" falsecount="0"/>
        <line num="39" count="37" type="cond" truecount="1" falsecount="0"/>
        <line num="40" count="4" type="cond" truecount="0" falsecount="1"/>
        <line num="41" count="4" type="stmt"/>
        <line num="42" count="4" type="cond" truecount="1" falsecount="0"/>
        <line num="43" count="3" type="cond" truecount="1" falsecount="0"/>
        <line num="44" count="4" type="cond" truecount="1" falsecount="0"/>
        <line num="45" count="4" type="stmt"/>
        <line num="47" count="37" type="cond" truecount="1" falsecount="0"/>
        <line num="48" count="3" type="cond" truecount="0" falsecount="1"/>
        <line num="49" count="3" type="stmt"/>
        <line num="50" count="3" type="cond" truecount="1" falsecount="0"/>
        <line num="51" count="2" type="stmt"/>
        <line num="52" count="3" type="cond" truecount="1" falsecount="0"/>
        <line num="53" count="3" type="stmt"/>
        <line num="55" count="37" type="stmt"/>
        <line num="56" count="37" type="stmt"/>
        <line num="57" count="37" type="stmt"/>
        <line num="58" count="37" type="stmt"/>
        <line num="59" count="37" type="stmt"/>
        <line num="60" count="37" type="cond" truecount="1" falsecount="0"/>
        <line num="61" count="37" type="stmt"/>
        <line num="62" count="37" type="cond" truecount="2" falsecount="0"/>
        <line num="63" count="2" type="stmt"/>
        <line num="64" count="2" type="cond" truecount="2" falsecount="0"/>
        <line num="65" count="2" type="cond" truecount="1" falsecount="0"/>
        <line num="66" count="2" type="stmt"/>
        <line num="68" count="37" type="stmt"/>
        <line num="69" count="37" type="stmt"/>
        <line num="70" count="37" type="stmt"/>
        <line num="71" count="37" type="cond" truecount="2" falsecount="0"/>
        <line num="72" count="37" type="cond" truecount="2" falsecount="0"/>
        <line num="73" count="37" type="cond" truecount="4" falsecount="0"/>
        <line num="74" count="37" type="stmt"/>
        <line num="76" count="37" type="stmt"/>
        <line num="77" count="37" type="stmt"/>
        <line num="78" count="37" type="stmt"/>
        <line num="79" count="37" type="cond" truecount="2" falsecount="0"/>
        <line num="80" count="37" type="cond" truecount="2" falsecount="0"/>
        <line num="81" count="37" type="cond" truecount="4" falsecount="0"/>
        <line num="82" count="37" type="stmt"/>
        <line num="84" count="37" type="stmt"/>
        <line num="85" count="37" type="stmt"/>
        <line num="86" count="37" type="cond" truecount="3" falsecount="0"/>
        <line num="87" count="1" type="stmt"/>
        <line num="89" count="37" type="cond" truecount="2" falsecount="0"/>
        <line num="90" count="6" type="stmt"/>
        <line num="92" count="37" type="cond" truecount="1" falsecount="0"/>
        <line num="93" count="8" type="stmt"/>
        <line num="94" count="8" type="cond" truecount="1" falsecount="0"/>
        <line num="95" count="9" type="stmt"/>
        <line num="96" count="9" type="stmt"/>
        <line num="97" count="9" type="cond" truecount="1" falsecount="0"/>
        <line num="98" count="3" type="stmt"/>
        <line num="100" count="9" type="stmt"/>
        <line num="101" count="9" type="cond" truecount="1" falsecount="0"/>
        <line num="102" count="9" type="cond" truecount="2" falsecount="0"/>
        <line num="103" count="9" type="stmt"/>
        <line num="104" count="9" type="stmt"/>
        <line num="105" count="8" type="stmt"/>
        <line num="106" count="8" type="stmt"/>
        <line num="108" count="37" type="stmt"/>
        <line num="109" count="37" type="stmt"/>
        <line num="110" count="37" type="stmt"/>
        <line num="111" count="37" type="stmt"/>
        <line num="112" count="37" type="stmt"/>
        <line num="114" count="37" type="stmt"/>
        <line num="116" count="1" type="stmt"/>
      </file>
      <file name="ConceptExplorationStage.tsx" path="C:\y\synergy-prompt-crafter\components\stages\ConceptExplorationStage.tsx">
        <metrics statements="46" coveredstatements="43" conditionals="9" coveredconditionals="3" methods="2" coveredmethods="1"/>
        <line num="3" count="1" type="stmt"/>
        <line num="4" count="1" type="stmt"/>
        <line num="5" count="1" type="stmt"/>
        <line num="19" count="1" type="cond" truecount="1" falsecount="0"/>
        <line num="20" count="4" type="stmt"/>
        <line num="21" count="4" type="stmt"/>
        <line num="22" count="4" type="stmt"/>
        <line num="23" count="4" type="stmt"/>
        <line num="24" count="4" type="stmt"/>
        <line num="25" count="4" type="stmt"/>
        <line num="27" count="4" type="stmt"/>
        <line num="28" count="4" type="stmt"/>
        <line num="29" count="4" type="stmt"/>
        <line num="30" count="4" type="stmt"/>
        <line num="31" count="4" type="stmt"/>
        <line num="32" count="4" type="cond" truecount="1" falsecount="0"/>
        <line num="33" count="4" type="stmt"/>
        <line num="34" count="4" type="stmt"/>
        <line num="35" count="4" type="stmt"/>
        <line num="36" count="4" type="cond" truecount="1" falsecount="0"/>
        <line num="37" count="6" type="stmt"/>
        <line num="38" count="6" type="stmt"/>
        <line num="39" count="6" type="stmt"/>
        <line num="40" count="6" type="stmt"/>
        <line num="41" count="6" type="stmt"/>
        <line num="42" count="6" type="stmt"/>
        <line num="43" count="6" type="cond" truecount="0" falsecount="1"/>
        <line num="44" count="6" type="cond" truecount="0" falsecount="1"/>
        <line num="45" count="6" type="cond" truecount="0" falsecount="2"/>
        <line num="46" count="6" type="cond" truecount="0" falsecount="1"/>
        <line num="47" count="6" type="stmt"/>
        <line num="49" count="4" type="stmt"/>
        <line num="50" count="4" type="stmt"/>
        <line num="51" count="4" type="stmt"/>
        <line num="52" count="4" type="stmt"/>
        <line num="53" count="4" type="cond" truecount="0" falsecount="1"/>
        <line num="54" count="0" type="stmt"/>
        <line num="55" count="0" type="stmt"/>
        <line num="57" count="0" type="stmt"/>
        <line num="59" count="4" type="stmt"/>
        <line num="60" count="4" type="stmt"/>
        <line num="61" count="4" type="stmt"/>
        <line num="62" count="4" type="stmt"/>
        <line num="63" count="4" type="stmt"/>
        <line num="65" count="4" type="stmt"/>
        <line num="67" count="1" type="stmt"/>
      </file>
      <file name="FinalPromptStage.tsx" path="C:\y\synergy-prompt-crafter\components\stages\FinalPromptStage.tsx">
        <metrics statements="60" coveredstatements="42" conditionals="11" coveredconditionals="1" methods="3" coveredmethods="1"/>
        <line num="1" count="1" type="stmt"/>
        <line num="3" count="1" type="stmt"/>
        <line num="4" count="1" type="stmt"/>
        <line num="5" count="1" type="stmt"/>
        <line num="6" count="1" type="stmt"/>
        <line num="19" count="1" type="cond" truecount="1" falsecount="0"/>
        <line num="20" count="1" type="stmt"/>
        <line num="21" count="1" type="stmt"/>
        <line num="22" count="1" type="stmt"/>
        <line num="23" count="1" type="stmt"/>
        <line num="24" count="1" type="stmt"/>
        <line num="25" count="1" type="stmt"/>
        <line num="26" count="1" type="stmt"/>
        <line num="27" count="1" type="stmt"/>
        <line num="29" count="1" type="stmt"/>
        <line num="30" count="0" type="stmt"/>
        <line num="31" count="0" type="stmt"/>
        <line num="32" count="0" type="stmt"/>
        <line num="34" count="1" type="stmt"/>
        <line num="35" count="1" type="stmt"/>
        <line num="36" count="1" type="stmt"/>
        <line num="37" count="1" type="stmt"/>
        <line num="38" count="1" type="cond" truecount="0" falsecount="1"/>
        <line num="39" count="1" type="stmt"/>
        <line num="40" count="1" type="stmt"/>
        <line num="41" count="1" type="stmt"/>
        <line num="42" count="1" type="stmt"/>
        <line num="43" count="1" type="stmt"/>
        <line num="44" count="1" type="cond" truecount="0" falsecount="1"/>
        <line num="45" count="1" type="stmt"/>
        <line num="46" count="1" type="cond" truecount="0" falsecount="2"/>
        <line num="47" count="1" type="stmt"/>
        <line num="49" count="1" type="stmt"/>
        <line num="50" count="1" type="stmt"/>
        <line num="51" count="1" type="stmt"/>
        <line num="52" count="1" type="cond" truecount="0" falsecount="3"/>
        <line num="53" count="0" type="stmt"/>
        <line num="55" count="1" type="cond" truecount="0" falsecount="1"/>
        <line num="56" count="0" type="stmt"/>
        <line num="57" count="0" type="stmt"/>
        <line num="58" count="0" type="stmt"/>
        <line num="59" count="0" type="stmt"/>
        <line num="61" count="1" type="cond" truecount="0" falsecount="1"/>
        <line num="62" count="0" type="stmt"/>
        <line num="63" count="0" type="stmt"/>
        <line num="64" count="0" type="stmt"/>
        <line num="65" count="0" type="stmt"/>
        <line num="67" count="1" type="cond" truecount="0" falsecount="1"/>
        <line num="68" count="0" type="stmt"/>
        <line num="69" count="0" type="stmt"/>
        <line num="70" count="0" type="stmt"/>
        <line num="71" count="0" type="stmt"/>
        <line num="72" count="0" type="stmt"/>
        <line num="73" count="0" type="stmt"/>
        <line num="75" count="1" type="stmt"/>
        <line num="76" count="1" type="stmt"/>
        <line num="77" count="1" type="stmt"/>
        <line num="78" count="1" type="stmt"/>
        <line num="80" count="1" type="stmt"/>
        <line num="82" count="1" type="stmt"/>
      </file>
      <file name="IdeationStage.tsx" path="C:\y\synergy-prompt-crafter\components\stages\IdeationStage.tsx">
        <metrics statements="95" coveredstatements="95" conditionals="26" coveredconditionals="25" methods="7" coveredmethods="5"/>
        <line num="1" count="1" type="stmt"/>
        <line num="4" count="1" type="stmt"/>
        <line num="5" count="1" type="stmt"/>
        <line num="6" count="1" type="stmt"/>
        <line num="7" count="1" type="stmt"/>
        <line num="8" count="1" type="stmt"/>
        <line num="9" count="1" type="stmt"/>
        <line num="23" count="1" type="cond" truecount="1" falsecount="0"/>
        <line num="24" count="81" type="stmt"/>
        <line num="25" count="81" type="stmt"/>
        <line num="26" count="81" type="stmt"/>
        <line num="27" count="81" type="stmt"/>
        <line num="28" count="81" type="stmt"/>
        <line num="29" count="81" type="stmt"/>
        <line num="31" count="81" type="stmt"/>
        <line num="32" count="81" type="cond" truecount="1" falsecount="0"/>
        <line num="33" count="81" type="stmt"/>
        <line num="34" count="81" type="stmt"/>
        <line num="35" count="81" type="stmt"/>
        <line num="37" count="81" type="cond" truecount="1" falsecount="0"/>
        <line num="38" count="10" type="cond" truecount="2" falsecount="0"/>
        <line num="39" count="8" type="stmt"/>
        <line num="40" count="8" type="stmt"/>
        <line num="41" count="8" type="stmt"/>
        <line num="42" count="10" type="stmt"/>
        <line num="44" count="81" type="cond" truecount="1" falsecount="0"/>
        <line num="45" count="9" type="cond" truecount="0" falsecount="1"/>
        <line num="46" count="9" type="stmt"/>
        <line num="47" count="9" type="cond" truecount="1" falsecount="0"/>
        <line num="48" count="7" type="stmt"/>
        <line num="49" count="9" type="cond" truecount="1" falsecount="0"/>
        <line num="50" count="9" type="stmt"/>
        <line num="52" count="81" type="stmt"/>
        <line num="53" count="81" type="stmt"/>
        <line num="54" count="81" type="cond" truecount="1" falsecount="0"/>
        <line num="55" count="2" type="stmt"/>
        <line num="56" count="2" type="stmt"/>
        <line num="57" count="2" type="stmt"/>
        <line num="58" count="2" type="stmt"/>
        <line num="60" count="81" type="stmt"/>
        <line num="61" count="81" type="stmt"/>
        <line num="62" count="81" type="stmt"/>
        <line num="63" count="81" type="stmt"/>
        <line num="64" count="81" type="stmt"/>
        <line num="65" count="81" type="cond" truecount="1" falsecount="0"/>
        <line num="66" count="81" type="stmt"/>
        <line num="67" count="81" type="stmt"/>
        <line num="68" count="81" type="stmt"/>
        <line num="69" count="81" type="stmt"/>
        <line num="70" count="81" type="stmt"/>
        <line num="71" count="81" type="stmt"/>
        <line num="72" count="81" type="stmt"/>
        <line num="73" count="81" type="stmt"/>
        <line num="74" count="81" type="stmt"/>
        <line num="75" count="81" type="stmt"/>
        <line num="76" count="81" type="stmt"/>
        <line num="77" count="81" type="stmt"/>
        <line num="78" count="81" type="stmt"/>
        <line num="79" count="81" type="stmt"/>
        <line num="80" count="81" type="stmt"/>
        <line num="82" count="81" type="cond" truecount="1" falsecount="0"/>
        <line num="83" count="81" type="stmt"/>
        <line num="84" count="81" type="stmt"/>
        <line num="85" count="81" type="cond" truecount="1" falsecount="0"/>
        <line num="86" count="40" type="stmt"/>
        <line num="87" count="81" type="stmt"/>
        <line num="88" count="81" type="stmt"/>
        <line num="89" count="81" type="stmt"/>
        <line num="90" count="81" type="stmt"/>
        <line num="91" count="81" type="stmt"/>
        <line num="92" count="81" type="stmt"/>
        <line num="93" count="81" type="stmt"/>
        <line num="94" count="81" type="stmt"/>
        <line num="95" count="81" type="stmt"/>
        <line num="96" count="81" type="stmt"/>
        <line num="97" count="81" type="cond" truecount="1" falsecount="0"/>
        <line num="98" count="81" type="stmt"/>
        <line num="99" count="81" type="stmt"/>
        <line num="100" count="81" type="stmt"/>
        <line num="101" count="81" type="stmt"/>
        <line num="102" count="81" type="stmt"/>
        <line num="103" count="81" type="stmt"/>
        <line num="104" count="81" type="stmt"/>
        <line num="105" count="81" type="stmt"/>
        <line num="106" count="81" type="stmt"/>
        <line num="107" count="81" type="cond" truecount="3" falsecount="0"/>
        <line num="108" count="81" type="cond" truecount="2" falsecount="0"/>
        <line num="109" count="81" type="cond" truecount="5" falsecount="0"/>
        <line num="110" count="81" type="stmt"/>
        <line num="112" count="81" type="stmt"/>
        <line num="113" count="81" type="cond" truecount="2" falsecount="0"/>
        <line num="114" count="3" type="stmt"/>
        <line num="116" count="81" type="stmt"/>
        <line num="118" count="81" type="stmt"/>
        <line num="120" count="1" type="stmt"/>
      </file>
      <file name="PromptConstructionStage.tsx" path="C:\y\synergy-prompt-crafter\components\stages\PromptConstructionStage.tsx">
        <metrics statements="81" coveredstatements="76" conditionals="24" coveredconditionals="16" methods="5" coveredmethods="2"/>
        <line num="1" count="1" type="stmt"/>
        <line num="3" count="1" type="stmt"/>
        <line num="5" count="1" type="stmt"/>
        <line num="6" count="1" type="stmt"/>
        <line num="7" count="1" type="stmt"/>
        <line num="8" count="1" type="stmt"/>
        <line num="9" count="1" type="stmt"/>
        <line num="25" count="1" type="cond" truecount="1" falsecount="0"/>
        <line num="26" count="6" type="stmt"/>
        <line num="27" count="6" type="stmt"/>
        <line num="28" count="6" type="stmt"/>
        <line num="29" count="6" type="stmt"/>
        <line num="30" count="6" type="stmt"/>
        <line num="31" count="6" type="stmt"/>
        <line num="32" count="6" type="cond" truecount="1" falsecount="0"/>
        <line num="33" count="6" type="stmt"/>
        <line num="34" count="6" type="stmt"/>
        <line num="35" count="6" type="stmt"/>
        <line num="37" count="6" type="cond" truecount="1" falsecount="0"/>
        <line num="38" count="3" type="stmt"/>
        <line num="39" count="3" type="stmt"/>
        <line num="40" count="3" type="stmt"/>
        <line num="41" count="3" type="cond" truecount="0" falsecount="1"/>
        <line num="42" count="3" type="stmt"/>
        <line num="44" count="6" type="stmt"/>
        <line num="45" count="6" type="stmt"/>
        <line num="46" count="6" type="stmt"/>
        <line num="47" count="6" type="stmt"/>
        <line num="48" count="6" type="stmt"/>
        <line num="49" count="6" type="stmt"/>
        <line num="50" count="6" type="stmt"/>
        <line num="51" count="6" type="stmt"/>
        <line num="52" count="6" type="stmt"/>
        <line num="54" count="6" type="stmt"/>
        <line num="55" count="6" type="stmt"/>
        <line num="56" count="6" type="stmt"/>
        <line num="57" count="6" type="cond" truecount="0" falsecount="1"/>
        <line num="58" count="0" type="stmt"/>
        <line num="59" count="0" type="stmt"/>
        <line num="60" count="0" type="stmt"/>
        <line num="61" count="0" type="stmt"/>
        <line num="63" count="6" type="cond" truecount="1" falsecount="0"/>
        <line num="64" count="3" type="stmt"/>
        <line num="65" count="3" type="stmt"/>
        <line num="66" count="3" type="cond" truecount="1" falsecount="0"/>
        <line num="68" count="3" type="stmt"/>
        <line num="69" count="3" type="cond" truecount="1" falsecount="0"/>
        <line num="70" count="21" type="cond" truecount="2" falsecount="0"/>
        <line num="71" count="21" type="stmt"/>
        <line num="72" count="21" type="cond" truecount="1" falsecount="0"/>
        <line num="73" count="9" type="cond" truecount="1" falsecount="1"/>
        <line num="74" count="12" type="cond" truecount="1" falsecount="0"/>
        <line num="75" count="6" type="cond" truecount="0" falsecount="1"/>
        <line num="76" count="6" type="cond" truecount="1" falsecount="0"/>
        <line num="77" count="6" type="cond" truecount="1" falsecount="0"/>
        <line num="79" count="6" type="cond" truecount="0" falsecount="1"/>
        <line num="81" count="21" type="stmt"/>
        <line num="82" count="3" type="stmt"/>
        <line num="83" count="3" type="stmt"/>
        <line num="84" count="3" type="stmt"/>
        <line num="85" count="3" type="stmt"/>
        <line num="86" count="3" type="stmt"/>
        <line num="87" count="3" type="stmt"/>
        <line num="88" count="3" type="stmt"/>
        <line num="89" count="3" type="stmt"/>
        <line num="90" count="3" type="stmt"/>
        <line num="92" count="6" type="stmt"/>
        <line num="93" count="6" type="stmt"/>
        <line num="94" count="6" type="stmt"/>
        <line num="95" count="6" type="stmt"/>
        <line num="96" count="6" type="cond" truecount="1" falsecount="0"/>
        <line num="97" count="6" type="cond" truecount="2" falsecount="0"/>
        <line num="98" count="6" type="cond" truecount="0" falsecount="1"/>
        <line num="99" count="6" type="stmt"/>
        <line num="101" count="6" type="stmt"/>
        <line num="102" count="6" type="stmt"/>
        <line num="103" count="6" type="cond" truecount="0" falsecount="2"/>
        <line num="104" count="0" type="stmt"/>
        <line num="106" count="6" type="stmt"/>
        <line num="108" count="6" type="stmt"/>
        <line num="110" count="1" type="stmt"/>
      </file>
    </package>
    <package name="synergy-prompt-crafter.hooks">
      <metrics statements="97" coveredstatements="94" conditionals="28" coveredconditionals="25" methods="4" coveredmethods="4"/>
      <file name="useAsyncOperation.ts" path="C:\y\synergy-prompt-crafter\hooks\useAsyncOperation.ts">
        <metrics statements="48" coveredstatements="48" conditionals="21" coveredconditionals="21" methods="1" coveredmethods="1"/>
        <line num="1" count="1" type="stmt"/>
        <line num="9" count="1" type="cond" truecount="1" falsecount="0"/>
        <line num="10" count="193" type="stmt"/>
        <line num="11" count="193" type="stmt"/>
        <line num="12" count="193" type="stmt"/>
        <line num="13" count="193" type="stmt"/>
        <line num="14" count="193" type="stmt"/>
        <line num="15" count="193" type="stmt"/>
        <line num="16" count="193" type="stmt"/>
        <line num="18" count="193" type="stmt"/>
        <line num="19" count="193" type="stmt"/>
        <line num="22" count="193" type="cond" truecount="1" falsecount="0"/>
        <line num="23" count="95" type="stmt"/>
        <line num="24" count="95" type="cond" truecount="1" falsecount="0"/>
        <line num="25" count="95" type="stmt"/>
        <line num="26" count="95" type="cond" truecount="1" falsecount="0"/>
        <line num="27" count="95" type="stmt"/>
        <line num="28" count="193" type="stmt"/>
        <line num="30" count="193" type="cond" truecount="1" falsecount="0"/>
        <line num="32" count="32" type="cond" truecount="1" falsecount="0"/>
        <line num="33" count="32" type="stmt"/>
        <line num="34" count="32" type="stmt"/>
        <line num="36" count="32" type="stmt"/>
        <line num="37" count="32" type="stmt"/>
        <line num="38" count="32" type="cond" truecount="2" falsecount="0"/>
        <line num="39" count="32" type="cond" truecount="3" falsecount="0"/>
        <line num="40" count="22" type="stmt"/>
        <line num="41" count="22" type="cond" truecount="1" falsecount="0"/>
        <line num="42" count="24" type="stmt"/>
        <line num="43" count="32" type="cond" truecount="1" falsecount="0"/>
        <line num="44" count="8" type="stmt"/>
        <line num="45" count="8" type="cond" truecount="2" falsecount="0"/>
        <line num="46" count="8" type="stmt"/>
        <line num="47" count="8" type="stmt"/>
        <line num="48" count="8" type="stmt"/>
        <line num="49" count="8" type="stmt"/>
        <line num="51" count="193" type="stmt"/>
        <line num="53" count="193" type="cond" truecount="1" falsecount="0"/>
        <line num="54" count="4" type="cond" truecount="1" falsecount="0"/>
        <line num="55" count="4" type="stmt"/>
        <line num="56" count="4" type="cond" truecount="3" falsecount="0"/>
        <line num="57" count="4" type="stmt"/>
        <line num="58" count="193" type="stmt"/>
        <line num="60" count="193" type="cond" truecount="1" falsecount="0"/>
        <line num="61" count="1" type="stmt"/>
        <line num="62" count="193" type="stmt"/>
        <line num="64" count="193" type="stmt"/>
        <line num="65" count="193" type="stmt"/>
      </file>
      <file name="useWizardPersistence.ts" path="C:\y\synergy-prompt-crafter\hooks\useWizardPersistence.ts">
        <metrics statements="49" coveredstatements="46" conditionals="7" coveredconditionals="4" methods="3" coveredmethods="3"/>
        <line num="1" count="1" type="stmt"/>
        <line num="4" count="1" type="stmt"/>
        <line num="21" count="1" type="cond" truecount="1" falsecount="0"/>
        <line num="22" count="12" type="stmt"/>
        <line num="23" count="12" type="stmt"/>
        <line num="24" count="12" type="cond" truecount="0" falsecount="1"/>
        <line num="25" count="12" type="cond" truecount="0" falsecount="1"/>
        <line num="26" count="0" type="stmt"/>
        <line num="27" count="0" type="stmt"/>
        <line num="28" count="12" type="stmt"/>
        <line num="31" count="1" type="cond" truecount="1" falsecount="0"/>
        <line num="32" count="1" type="stmt"/>
        <line num="33" count="1" type="stmt"/>
        <line num="40" count="1" type="cond" truecount="1" falsecount="0"/>
        <line num="41" count="49" type="stmt"/>
        <line num="42" count="49" type="stmt"/>
        <line num="43" count="49" type="stmt"/>
        <line num="44" count="49" type="stmt"/>
        <line num="45" count="49" type="stmt"/>
        <line num="46" count="49" type="stmt"/>
        <line num="47" count="49" type="stmt"/>
        <line num="48" count="49" type="stmt"/>
        <line num="49" count="49" type="stmt"/>
        <line num="51" count="49" type="cond" truecount="1" falsecount="0"/>
        <line num="52" count="40" type="stmt"/>
        <line num="53" count="40" type="stmt"/>
        <line num="54" count="40" type="stmt"/>
        <line num="55" count="40" type="stmt"/>
        <line num="56" count="40" type="stmt"/>
        <line num="57" count="40" type="stmt"/>
        <line num="58" count="40" type="stmt"/>
        <line num="59" count="40" type="stmt"/>
        <line num="60" count="40" type="stmt"/>
        <line num="61" count="40" type="stmt"/>
        <line num="62" count="40" type="stmt"/>
        <line num="63" count="40" type="stmt"/>
        <line num="64" count="40" type="stmt"/>
        <line num="65" count="40" type="cond" truecount="0" falsecount="1"/>
        <line num="67" count="0" type="stmt"/>
        <line num="68" count="49" type="stmt"/>
        <line num="69" count="49" type="stmt"/>
        <line num="70" count="49" type="stmt"/>
        <line num="71" count="49" type="stmt"/>
        <line num="72" count="49" type="stmt"/>
        <line num="73" count="49" type="stmt"/>
        <line num="74" count="49" type="stmt"/>
        <line num="75" count="49" type="stmt"/>
        <line num="76" count="49" type="stmt"/>
        <line num="77" count="49" type="stmt"/>
      </file>
    </package>
    <package name="synergy-prompt-crafter.server">
      <metrics statements="82" coveredstatements="0" conditionals="1" coveredconditionals="0" methods="1" coveredmethods="0"/>
      <file name="index.js" path="C:\y\synergy-prompt-crafter\server\index.js">
        <metrics statements="82" coveredstatements="0" conditionals="1" coveredconditionals="0" methods="1" coveredmethods="0"/>
        <line num="1" count="0" type="cond" truecount="0" falsecount="1"/>
        <line num="2" count="0" type="stmt"/>
        <line num="3" count="0" type="stmt"/>
        <line num="4" count="0" type="stmt"/>
        <line num="5" count="0" type="stmt"/>
        <line num="7" count="0" type="stmt"/>
        <line num="8" count="0" type="stmt"/>
        <line num="10" count="0" type="stmt"/>
        <line num="11" count="0" type="stmt"/>
        <line num="12" count="0" type="stmt"/>
        <line num="14" count="0" type="stmt"/>
        <line num="15" count="0" type="stmt"/>
        <line num="17" count="0" type="stmt"/>
        <line num="18" count="0" type="stmt"/>
        <line num="19" count="0" type="stmt"/>
        <line num="20" count="0" type="stmt"/>
        <line num="21" count="0" type="stmt"/>
        <line num="22" count="0" type="stmt"/>
        <line num="23" count="0" type="stmt"/>
        <line num="24" count="0" type="stmt"/>
        <line num="25" count="0" type="stmt"/>
        <line num="26" count="0" type="stmt"/>
        <line num="27" count="0" type="stmt"/>
        <line num="29" count="0" type="stmt"/>
        <line num="30" count="0" type="stmt"/>
        <line num="31" count="0" type="stmt"/>
        <line num="32" count="0" type="stmt"/>
        <line num="33" count="0" type="stmt"/>
        <line num="34" count="0" type="stmt"/>
        <line num="35" count="0" type="stmt"/>
        <line num="36" count="0" type="stmt"/>
        <line num="37" count="0" type="stmt"/>
        <line num="39" count="0" type="stmt"/>
        <line num="40" count="0" type="stmt"/>
        <line num="41" count="0" type="stmt"/>
        <line num="43" count="0" type="stmt"/>
        <line num="44" count="0" type="stmt"/>
        <line num="45" count="0" type="stmt"/>
        <line num="46" count="0" type="stmt"/>
        <line num="47" count="0" type="stmt"/>
        <line num="48" count="0" type="stmt"/>
        <line num="49" count="0" type="stmt"/>
        <line num="50" count="0" type="stmt"/>
        <line num="51" count="0" type="stmt"/>
        <line num="52" count="0" type="stmt"/>
        <line num="54" count="0" type="stmt"/>
        <line num="56" count="0" type="stmt"/>
        <line num="57" count="0" type="stmt"/>
        <line num="58" count="0" type="stmt"/>
        <line num="59" count="0" type="stmt"/>
        <line num="60" count="0" type="stmt"/>
        <line num="61" count="0" type="stmt"/>
        <line num="63" count="0" type="stmt"/>
        <line num="64" count="0" type="stmt"/>
        <line num="65" count="0" type="stmt"/>
        <line num="67" count="0" type="stmt"/>
        <line num="68" count="0" type="stmt"/>
        <line num="69" count="0" type="stmt"/>
        <line num="71" count="0" type="stmt"/>
        <line num="72" count="0" type="stmt"/>
        <line num="73" count="0" type="stmt"/>
        <line num="74" count="0" type="stmt"/>
        <line num="75" count="0" type="stmt"/>
        <line num="77" count="0" type="stmt"/>
        <line num="78" count="0" type="stmt"/>
        <line num="79" count="0" type="stmt"/>
        <line num="80" count="0" type="stmt"/>
        <line num="81" count="0" type="stmt"/>
        <line num="83" count="0" type="stmt"/>
        <line num="84" count="0" type="stmt"/>
        <line num="85" count="0" type="stmt"/>
        <line num="86" count="0" type="stmt"/>
        <line num="87" count="0" type="stmt"/>
        <line num="89" count="0" type="stmt"/>
        <line num="90" count="0" type="stmt"/>
        <line num="91" count="0" type="stmt"/>
        <line num="92" count="0" type="stmt"/>
        <line num="93" count="0" type="stmt"/>
        <line num="94" count="0" type="stmt"/>
        <line num="96" count="0" type="stmt"/>
        <line num="97" count="0" type="stmt"/>
        <line num="98" count="0" type="stmt"/>
      </file>
    </package>
    <package name="synergy-prompt-crafter.services">
      <metrics statements="249" coveredstatements="164" conditionals="46" coveredconditionals="39" methods="21" coveredmethods="13"/>
      <file name="aiProvider.ts" path="C:\y\synergy-prompt-crafter\services\aiProvider.ts">
        <metrics statements="0" coveredstatements="0" conditionals="1" coveredconditionals="1" methods="1" coveredmethods="1"/>
      </file>
      <file name="geminiService.ts" path="C:\y\synergy-prompt-crafter\services\geminiService.ts">
        <metrics statements="110" coveredstatements="67" conditionals="15" coveredconditionals="11" methods="8" coveredmethods="4"/>
        <line num="4" count="1" type="stmt"/>
        <line num="5" count="1" type="stmt"/>
        <line num="7" count="1" type="cond" truecount="0" falsecount="1"/>
        <line num="8" count="1" type="stmt"/>
        <line num="11" count="1" type="stmt"/>
        <line num="13" count="1" type="stmt"/>
        <line num="16" count="1" type="stmt"/>
        <line num="17" count="1" type="stmt"/>
        <line num="18" count="1" type="stmt"/>
        <line num="19" count="1" type="stmt"/>
        <line num="20" count="1" type="stmt"/>
        <line num="21" count="1" type="stmt"/>
        <line num="22" count="1" type="stmt"/>
        <line num="25" count="1" type="cond" truecount="1" falsecount="0"/>
        <line num="26" count="3" type="stmt"/>
        <line num="29" count="1" type="cond" truecount="1" falsecount="0"/>
        <line num="30" count="3" type="stmt"/>
        <line num="31" count="3" type="stmt"/>
        <line num="32" count="3" type="stmt"/>
        <line num="33" count="3" type="cond" truecount="0" falsecount="1"/>
        <line num="34" count="3" type="stmt"/>
        <line num="35" count="3" type="stmt"/>
        <line num="36" count="3" type="stmt"/>
        <line num="37" count="3" type="stmt"/>
        <line num="39" count="3" type="stmt"/>
        <line num="40" count="3" type="stmt"/>
        <line num="41" count="3" type="stmt"/>
        <line num="42" count="3" type="cond" truecount="1" falsecount="0"/>
        <line num="43" count="1" type="stmt"/>
        <line num="44" count="1" type="cond" truecount="0" falsecount="1"/>
        <line num="45" count="1" type="cond" truecount="1" falsecount="0"/>
        <line num="46" count="2" type="stmt"/>
        <line num="47" count="2" type="stmt"/>
        <line num="48" count="3" type="stmt"/>
        <line num="49" count="3" type="stmt"/>
        <line num="50" count="3" type="stmt"/>
        <line num="51" count="3" type="stmt"/>
        <line num="54" count="1" type="stmt"/>
        <line num="55" count="1" type="stmt"/>
        <line num="56" count="1" type="stmt"/>
        <line num="58" count="1" type="cond" truecount="1" falsecount="0"/>
        <line num="59" count="3" type="stmt"/>
        <line num="60" count="3" type="stmt"/>
        <line num="61" count="3" type="cond" truecount="0" falsecount="1"/>
        <line num="62" count="3" type="cond" truecount="1" falsecount="0"/>
        <line num="63" count="3" type="cond" truecount="1" falsecount="0"/>
        <line num="64" count="1" type="stmt"/>
        <line num="65" count="1" type="stmt"/>
        <line num="66" count="1" type="stmt"/>
        <line num="67" count="1" type="stmt"/>
        <line num="68" count="3" type="stmt"/>
        <line num="70" count="1" type="cond" truecount="1" falsecount="0"/>
        <line num="71" count="3" type="cond" truecount="1" falsecount="0"/>
        <line num="72" count="3" type="stmt"/>
        <line num="76" count="3" type="stmt"/>
        <line num="79" count="3" type="stmt"/>
        <line num="88" count="3" type="stmt"/>
        <line num="89" count="3" type="stmt"/>
        <line num="90" count="3" type="stmt"/>
        <line num="91" count="3" type="cond" truecount="1" falsecount="0"/>
        <line num="92" count="3" type="cond" truecount="1" falsecount="0"/>
        <line num="93" count="3" type="stmt"/>
        <line num="95" count="1" type="stmt"/>
        <line num="96" count="0" type="stmt"/>
        <line num="102" count="0" type="stmt"/>
        <line num="105" count="0" type="stmt"/>
        <line num="106" count="0" type="stmt"/>
        <line num="107" count="0" type="stmt"/>
        <line num="108" count="0" type="stmt"/>
        <line num="109" count="0" type="stmt"/>
        <line num="110" count="0" type="stmt"/>
        <line num="111" count="0" type="stmt"/>
        <line num="112" count="0" type="stmt"/>
        <line num="113" count="0" type="stmt"/>
        <line num="114" count="0" type="stmt"/>
        <line num="115" count="0" type="stmt"/>
        <line num="117" count="1" type="stmt"/>
        <line num="118" count="0" type="stmt"/>
        <line num="125" count="0" type="stmt"/>
        <line num="128" count="0" type="stmt"/>
        <line num="129" count="0" type="stmt"/>
        <line num="130" count="0" type="stmt"/>
        <line num="131" count="0" type="stmt"/>
        <line num="132" count="0" type="stmt"/>
        <line num="133" count="0" type="stmt"/>
        <line num="134" count="0" type="stmt"/>
        <line num="135" count="0" type="stmt"/>
        <line num="136" count="0" type="stmt"/>
        <line num="137" count="0" type="stmt"/>
        <line num="138" count="0" type="stmt"/>
        <line num="139" count="0" type="stmt"/>
        <line num="141" count="1" type="stmt"/>
        <line num="142" count="0" type="stmt"/>
        <line num="143" count="0" type="stmt"/>
        <line num="144" count="0" type="stmt"/>
        <line num="145" count="0" type="stmt"/>
        <line num="146" count="0" type="stmt"/>
        <line num="147" count="0" type="stmt"/>
        <line num="148" count="0" type="stmt"/>
        <line num="149" count="0" type="stmt"/>
        <line num="150" count="0" type="stmt"/>
        <line num="151" count="0" type="stmt"/>
        <line num="153" count="0" type="stmt"/>
        <line num="156" count="0" type="stmt"/>
        <line num="159" count="0" type="stmt"/>
        <line num="160" count="0" type="stmt"/>
        <line num="162" count="1" type="stmt"/>
        <line num="163" count="0" type="stmt"/>
        <line num="164" count="0" type="stmt"/>
        <line num="165" count="1" type="stmt"/>
      </file>
      <file name="jsonParser.ts" path="C:\y\synergy-prompt-crafter\services\jsonParser.ts">
        <metrics statements="21" coveredstatements="21" conditionals="5" coveredconditionals="5" methods="1" coveredmethods="1"/>
        <line num="9" count="1" type="cond" truecount="1" falsecount="0"/>
        <line num="10" count="22" type="stmt"/>
        <line num="11" count="22" type="stmt"/>
        <line num="12" count="22" type="stmt"/>
        <line num="13" count="22" type="cond" truecount="2" falsecount="0"/>
        <line num="14" count="4" type="stmt"/>
        <line num="15" count="4" type="stmt"/>
        <line num="17" count="22" type="stmt"/>
        <line num="18" count="22" type="cond" truecount="1" falsecount="0"/>
        <line num="19" count="16" type="stmt"/>
        <line num="20" count="16" type="stmt"/>
        <line num="21" count="22" type="stmt"/>
        <line num="22" count="22" type="stmt"/>
        <line num="23" count="22" type="cond" truecount="1" falsecount="0"/>
        <line num="24" count="7" type="stmt"/>
        <line num="25" count="7" type="stmt"/>
        <line num="26" count="7" type="stmt"/>
        <line num="27" count="7" type="stmt"/>
        <line num="28" count="7" type="stmt"/>
        <line num="29" count="7" type="stmt"/>
        <line num="30" count="22" type="stmt"/>
      </file>
      <file name="ollamaService.ts" path="C:\y\synergy-prompt-crafter\services\ollamaService.ts">
        <metrics statements="116" coveredstatements="74" conditionals="24" coveredconditionals="21" methods="10" coveredmethods="6"/>
        <line num="3" count="1" type="stmt"/>
        <line num="4" count="1" type="stmt"/>
        <line num="6" count="1" type="stmt"/>
        <line num="7" count="1" type="stmt"/>
        <line num="10" count="1" type="stmt"/>
        <line num="16" count="1" type="cond" truecount="1" falsecount="0"/>
        <line num="17" count="14" type="cond" truecount="0" falsecount="1"/>
        <line num="23" count="1" type="cond" truecount="1" falsecount="0"/>
        <line num="24" count="6" type="cond" truecount="1" falsecount="0"/>
        <line num="25" count="5" type="cond" truecount="0" falsecount="1"/>
        <line num="26" count="0" type="stmt"/>
        <line num="32" count="1" type="cond" truecount="1" falsecount="0"/>
        <line num="33" count="5" type="stmt"/>
        <line num="34" count="5" type="stmt"/>
        <line num="35" count="5" type="stmt"/>
        <line num="36" count="5" type="cond" truecount="1" falsecount="0"/>
        <line num="37" count="5" type="cond" truecount="2" falsecount="0"/>
        <line num="38" count="3" type="stmt"/>
        <line num="39" count="5" type="cond" truecount="2" falsecount="0"/>
        <line num="40" count="5" type="cond" truecount="1" falsecount="0"/>
        <line num="41" count="1" type="stmt"/>
        <line num="42" count="1" type="stmt"/>
        <line num="43" count="5" type="stmt"/>
        <line num="46" count="1" type="stmt"/>
        <line num="55" count="1" type="cond" truecount="1" falsecount="0"/>
        <line num="56" count="6" type="stmt"/>
        <line num="57" count="6" type="stmt"/>
        <line num="59" count="6" type="stmt"/>
        <line num="60" count="6" type="stmt"/>
        <line num="62" count="6" type="stmt"/>
        <line num="63" count="6" type="stmt"/>
        <line num="64" count="6" type="stmt"/>
        <line num="65" count="6" type="stmt"/>
        <line num="66" count="6" type="stmt"/>
        <line num="67" count="6" type="stmt"/>
        <line num="68" count="6" type="stmt"/>
        <line num="70" count="6" type="cond" truecount="1" falsecount="0"/>
        <line num="71" count="1" type="stmt"/>
        <line num="72" count="1" type="cond" truecount="0" falsecount="1"/>
        <line num="73" count="1" type="cond" truecount="1" falsecount="0"/>
        <line num="75" count="5" type="stmt"/>
        <line num="76" count="5" type="stmt"/>
        <line num="77" count="6" type="stmt"/>
        <line num="78" count="6" type="stmt"/>
        <line num="79" count="6" type="stmt"/>
        <line num="80" count="6" type="stmt"/>
        <line num="94" count="1" type="stmt"/>
        <line num="95" count="1" type="stmt"/>
        <line num="96" count="1" type="stmt"/>
        <line num="99" count="1" type="cond" truecount="1" falsecount="0"/>
        <line num="100" count="3" type="stmt"/>
        <line num="101" count="3" type="cond" truecount="1" falsecount="0"/>
        <line num="102" count="3" type="cond" truecount="1" falsecount="0"/>
        <line num="103" count="1" type="stmt"/>
        <line num="104" count="1" type="stmt"/>
        <line num="105" count="1" type="stmt"/>
        <line num="106" count="1" type="stmt"/>
        <line num="107" count="1" type="stmt"/>
        <line num="108" count="1" type="stmt"/>
        <line num="109" count="3" type="stmt"/>
        <line num="111" count="1" type="cond" truecount="1" falsecount="0"/>
        <line num="112" count="6" type="cond" truecount="1" falsecount="0"/>
        <line num="113" count="6" type="stmt"/>
        <line num="117" count="6" type="stmt"/>
        <line num="120" count="6" type="stmt"/>
        <line num="129" count="6" type="cond" truecount="1" falsecount="0"/>
        <line num="130" count="5" type="stmt"/>
        <line num="131" count="6" type="cond" truecount="2" falsecount="0"/>
        <line num="132" count="4" type="stmt"/>
        <line num="133" count="6" type="stmt"/>
        <line num="135" count="1" type="stmt"/>
        <line num="136" count="0" type="stmt"/>
        <line num="142" count="0" type="stmt"/>
        <line num="145" count="0" type="stmt"/>
        <line num="146" count="0" type="stmt"/>
        <line num="147" count="0" type="stmt"/>
        <line num="148" count="0" type="stmt"/>
        <line num="149" count="0" type="stmt"/>
        <line num="150" count="0" type="stmt"/>
        <line num="151" count="0" type="stmt"/>
        <line num="152" count="0" type="stmt"/>
        <line num="154" count="1" type="stmt"/>
        <line num="155" count="0" type="stmt"/>
        <line num="162" count="0" type="stmt"/>
        <line num="165" count="0" type="stmt"/>
        <line num="166" count="0" type="stmt"/>
        <line num="167" count="0" type="stmt"/>
        <line num="168" count="0" type="stmt"/>
        <line num="169" count="0" type="stmt"/>
        <line num="170" count="0" type="stmt"/>
        <line num="171" count="0" type="stmt"/>
        <line num="172" count="0" type="stmt"/>
        <line num="173" count="0" type="stmt"/>
        <line num="175" count="1" type="stmt"/>
        <line num="176" count="0" type="stmt"/>
        <line num="177" count="0" type="stmt"/>
        <line num="178" count="0" type="stmt"/>
        <line num="179" count="0" type="stmt"/>
        <line num="180" count="0" type="stmt"/>
        <line num="181" count="0" type="stmt"/>
        <line num="182" count="0" type="stmt"/>
        <line num="183" count="0" type="stmt"/>
        <line num="184" count="0" type="stmt"/>
        <line num="185" count="0" type="stmt"/>
        <line num="186" count="0" type="stmt"/>
        <line num="187" count="0" type="stmt"/>
        <line num="188" count="0" type="stmt"/>
        <line num="189" count="0" type="stmt"/>
        <line num="191" count="0" type="stmt"/>
        <line num="194" count="0" type="stmt"/>
        <line num="197" count="0" type="stmt"/>
        <line num="198" count="0" type="stmt"/>
        <line num="200" count="1" type="stmt"/>
        <line num="201" count="0" type="stmt"/>
        <line num="202" count="0" type="stmt"/>
        <line num="203" count="1" type="stmt"/>
      </file>
      <file name="sanitize.ts" path="C:\y\synergy-prompt-crafter\services\sanitize.ts">
        <metrics statements="2" coveredstatements="2" conditionals="1" coveredconditionals="1" methods="1" coveredmethods="1"/>
        <line num="9" count="1" type="cond" truecount="1" falsecount="0"/>
        <line num="10" count="34" type="stmt"/>
      </file>
    </package>
  </project>
</coverage>
