{"C:\\y\\synergy-prompt-crafter\\App.tsx": {"path":"C:\\y\\synergy-prompt-crafter\\App.tsx","all":false,"statementMap":{"0":{"start":{"line":1,"column":0},"end":{"line":1,"column":64}},"1":{"start":{"line":2,"column":0},"end":{"line":2,"column":81}},"2":{"start":{"line":3,"column":0},"end":{"line":3,"column":50}},"4":{"start":{"line":5,"column":0},"end":{"line":5,"column":100}},"5":{"start":{"line":6,"column":0},"end":{"line":6,"column":96}},"6":{"start":{"line":7,"column":0},"end":{"line":7,"column":73}},"7":{"start":{"line":8,"column":0},"end":{"line":8,"column":103}},"8":{"start":{"line":9,"column":0},"end":{"line":9,"column":61}},"9":{"start":{"line":10,"column":0},"end":{"line":10,"column":61}},"10":{"start":{"line":11,"column":0},"end":{"line":11,"column":55}},"11":{"start":{"line":12,"column":0},"end":{"line":12,"column":46}},"12":{"start":{"line":13,"column":0},"end":{"line":13,"column":46}},"13":{"start":{"line":14,"column":0},"end":{"line":14,"column":62}},"14":{"start":{"line":15,"column":0},"end":{"line":15,"column":82}},"15":{"start":{"line":16,"column":0},"end":{"line":16,"column":82}},"16":{"start":{"line":17,"column":0},"end":{"line":17,"column":70}},"17":{"start":{"line":18,"column":0},"end":{"line":18,"column":68}},"19":{"start":{"line":20,"column":0},"end":{"line":20,"column":69}},"22":{"start":{"line":23,"column":0},"end":{"line":23,"column":29}},"23":{"start":{"line":24,"column":0},"end":{"line":24,"column":35}},"26":{"start":{"line":27,"column":0},"end":{"line":27,"column":133}},"27":{"start":{"line":28,"column":0},"end":{"line":28,"column":189}},"28":{"start":{"line":29,"column":0},"end":{"line":29,"column":58}},"29":{"start":{"line":30,"column":0},"end":{"line":30,"column":139}},"30":{"start":{"line":31,"column":0},"end":{"line":31,"column":89}},"33":{"start":{"line":34,"column":0},"end":{"line":34,"column":49}},"34":{"start":{"line":35,"column":0},"end":{"line":35,"column":107}},"35":{"start":{"line":36,"column":0},"end":{"line":36,"column":78}},"36":{"start":{"line":37,"column":0},"end":{"line":37,"column":113}},"37":{"start":{"line":38,"column":0},"end":{"line":38,"column":97}},"38":{"start":{"line":39,"column":0},"end":{"line":39,"column":105}},"39":{"start":{"line":40,"column":0},"end":{"line":40,"column":99}},"40":{"start":{"line":41,"column":0},"end":{"line":41,"column":133}},"42":{"start":{"line":43,"column":0},"end":{"line":43,"column":136}},"44":{"start":{"line":45,"column":0},"end":{"line":45,"column":96}},"45":{"start":{"line":46,"column":0},"end":{"line":46,"column":76}},"46":{"start":{"line":47,"column":0},"end":{"line":47,"column":85}},"47":{"start":{"line":48,"column":0},"end":{"line":48,"column":219}},"49":{"start":{"line":50,"column":0},"end":{"line":50,"column":19}},"50":{"start":{"line":51,"column":0},"end":{"line":51,"column":45}},"51":{"start":{"line":52,"column":0},"end":{"line":52,"column":45}},"52":{"start":{"line":53,"column":0},"end":{"line":53,"column":106}},"53":{"start":{"line":54,"column":0},"end":{"line":54,"column":109}},"54":{"start":{"line":55,"column":0},"end":{"line":55,"column":42}},"55":{"start":{"line":56,"column":0},"end":{"line":56,"column":128}},"56":{"start":{"line":57,"column":0},"end":{"line":57,"column":7}},"57":{"start":{"line":58,"column":0},"end":{"line":58,"column":7}},"59":{"start":{"line":60,"column":0},"end":{"line":60,"column":9}},"61":{"start":{"line":62,"column":0},"end":{"line":62,"column":48}},"62":{"start":{"line":63,"column":0},"end":{"line":63,"column":51}},"63":{"start":{"line":64,"column":0},"end":{"line":64,"column":30}},"64":{"start":{"line":65,"column":0},"end":{"line":65,"column":89}},"65":{"start":{"line":66,"column":0},"end":{"line":66,"column":4}},"67":{"start":{"line":68,"column":0},"end":{"line":68,"column":93}},"68":{"start":{"line":69,"column":0},"end":{"line":69,"column":93}},"70":{"start":{"line":71,"column":0},"end":{"line":71,"column":101}},"71":{"start":{"line":72,"column":0},"end":{"line":72,"column":57}},"72":{"start":{"line":73,"column":0},"end":{"line":73,"column":9}},"74":{"start":{"line":75,"column":0},"end":{"line":75,"column":61}},"75":{"start":{"line":76,"column":0},"end":{"line":76,"column":27}},"76":{"start":{"line":77,"column":0},"end":{"line":77,"column":102}},"77":{"start":{"line":78,"column":0},"end":{"line":78,"column":64}},"78":{"start":{"line":79,"column":0},"end":{"line":79,"column":7}},"79":{"start":{"line":80,"column":0},"end":{"line":80,"column":9}},"81":{"start":{"line":82,"column":0},"end":{"line":82,"column":64}},"82":{"start":{"line":83,"column":0},"end":{"line":83,"column":93}},"83":{"start":{"line":84,"column":0},"end":{"line":84,"column":9}},"85":{"start":{"line":86,"column":0},"end":{"line":86,"column":77}},"86":{"start":{"line":87,"column":0},"end":{"line":87,"column":46}},"87":{"start":{"line":88,"column":0},"end":{"line":88,"column":33}},"88":{"start":{"line":89,"column":0},"end":{"line":89,"column":9}},"90":{"start":{"line":91,"column":0},"end":{"line":91,"column":38}},"91":{"start":{"line":92,"column":0},"end":{"line":92,"column":23}},"92":{"start":{"line":93,"column":0},"end":{"line":93,"column":39}},"93":{"start":{"line":94,"column":0},"end":{"line":94,"column":20}},"94":{"start":{"line":95,"column":0},"end":{"line":95,"column":31}},"95":{"start":{"line":96,"column":0},"end":{"line":96,"column":24}},"96":{"start":{"line":97,"column":0},"end":{"line":97,"column":39}},"97":{"start":{"line":98,"column":0},"end":{"line":98,"column":27}},"98":{"start":{"line":99,"column":0},"end":{"line":99,"column":33}},"99":{"start":{"line":100,"column":0},"end":{"line":100,"column":45}},"100":{"start":{"line":101,"column":0},"end":{"line":101,"column":76}},"101":{"start":{"line":102,"column":0},"end":{"line":102,"column":45}},"102":{"start":{"line":103,"column":0},"end":{"line":103,"column":106}},"103":{"start":{"line":104,"column":0},"end":{"line":104,"column":7}},"104":{"start":{"line":105,"column":0},"end":{"line":105,"column":9}},"106":{"start":{"line":107,"column":0},"end":{"line":107,"column":57}},"107":{"start":{"line":108,"column":0},"end":{"line":108,"column":39}},"108":{"start":{"line":109,"column":0},"end":{"line":109,"column":70}},"109":{"start":{"line":110,"column":0},"end":{"line":110,"column":65}},"110":{"start":{"line":111,"column":0},"end":{"line":111,"column":18}},"112":{"start":{"line":113,"column":0},"end":{"line":113,"column":103}},"114":{"start":{"line":115,"column":0},"end":{"line":115,"column":29}},"115":{"start":{"line":116,"column":0},"end":{"line":116,"column":27}},"116":{"start":{"line":117,"column":0},"end":{"line":117,"column":29}},"117":{"start":{"line":118,"column":0},"end":{"line":118,"column":271}},"118":{"start":{"line":119,"column":0},"end":{"line":119,"column":40}},"119":{"start":{"line":120,"column":0},"end":{"line":120,"column":317}},"120":{"start":{"line":121,"column":0},"end":{"line":121,"column":40}},"121":{"start":{"line":122,"column":0},"end":{"line":122,"column":365}},"122":{"start":{"line":123,"column":0},"end":{"line":123,"column":34}},"123":{"start":{"line":124,"column":0},"end":{"line":124,"column":266}},"124":{"start":{"line":125,"column":0},"end":{"line":125,"column":33}},"125":{"start":{"line":126,"column":0},"end":{"line":126,"column":166}},"126":{"start":{"line":127,"column":0},"end":{"line":127,"column":14}},"127":{"start":{"line":128,"column":0},"end":{"line":128,"column":37}},"128":{"start":{"line":129,"column":0},"end":{"line":129,"column":5}},"129":{"start":{"line":130,"column":0},"end":{"line":130,"column":4}},"131":{"start":{"line":132,"column":0},"end":{"line":132,"column":10}},"132":{"start":{"line":133,"column":0},"end":{"line":133,"column":172}},"133":{"start":{"line":134,"column":0},"end":{"line":134,"column":43}},"134":{"start":{"line":135,"column":0},"end":{"line":135,"column":83}},"135":{"start":{"line":136,"column":0},"end":{"line":136,"column":101}},"136":{"start":{"line":137,"column":0},"end":{"line":137,"column":15}},"137":{"start":{"line":138,"column":0},"end":{"line":138,"column":107}},"138":{"start":{"line":139,"column":0},"end":{"line":139,"column":80}},"139":{"start":{"line":140,"column":0},"end":{"line":140,"column":194}},"140":{"start":{"line":141,"column":0},"end":{"line":141,"column":295}},"141":{"start":{"line":142,"column":0},"end":{"line":142,"column":44}},"143":{"start":{"line":144,"column":0},"end":{"line":144,"column":19}},"144":{"start":{"line":145,"column":0},"end":{"line":145,"column":14}},"145":{"start":{"line":146,"column":0},"end":{"line":146,"column":26}},"146":{"start":{"line":147,"column":0},"end":{"line":147,"column":24}},"147":{"start":{"line":148,"column":0},"end":{"line":148,"column":53}},"148":{"start":{"line":149,"column":0},"end":{"line":149,"column":116}},"149":{"start":{"line":150,"column":0},"end":{"line":150,"column":53}},"150":{"start":{"line":151,"column":0},"end":{"line":151,"column":122}},"151":{"start":{"line":152,"column":0},"end":{"line":152,"column":50}},"152":{"start":{"line":153,"column":0},"end":{"line":153,"column":12}},"154":{"start":{"line":155,"column":0},"end":{"line":155,"column":40}},"155":{"start":{"line":156,"column":0},"end":{"line":156,"column":81}},"156":{"start":{"line":157,"column":0},"end":{"line":157,"column":14}},"157":{"start":{"line":158,"column":0},"end":{"line":158,"column":57}},"158":{"start":{"line":159,"column":0},"end":{"line":159,"column":123}},"159":{"start":{"line":160,"column":0},"end":{"line":160,"column":61}},"160":{"start":{"line":161,"column":0},"end":{"line":161,"column":41}},"161":{"start":{"line":162,"column":0},"end":{"line":162,"column":16}},"163":{"start":{"line":164,"column":0},"end":{"line":164,"column":23}},"164":{"start":{"line":165,"column":0},"end":{"line":165,"column":13}},"165":{"start":{"line":166,"column":0},"end":{"line":166,"column":67}},"166":{"start":{"line":167,"column":0},"end":{"line":167,"column":106}},"167":{"start":{"line":168,"column":0},"end":{"line":168,"column":15}},"168":{"start":{"line":169,"column":0},"end":{"line":169,"column":10}},"170":{"start":{"line":171,"column":0},"end":{"line":171,"column":2}},"172":{"start":{"line":173,"column":0},"end":{"line":173,"column":19}}},"s":{"0":1,"1":1,"2":1,"4":1,"5":1,"6":1,"7":1,"8":1,"9":1,"10":1,"11":1,"12":1,"13":1,"14":1,"15":1,"16":1,"17":1,"19":1,"22":1,"23":49,"26":49,"27":49,"28":49,"29":49,"30":49,"33":49,"34":49,"35":49,"36":49,"37":49,"38":49,"39":49,"40":49,"42":49,"44":49,"45":49,"46":49,"47":49,"49":49,"50":12,"51":24,"52":24,"53":24,"54":0,"55":0,"56":0,"57":12,"59":49,"61":49,"62":0,"63":0,"64":0,"65":0,"67":49,"68":49,"70":49,"71":0,"72":49,"74":49,"75":0,"76":0,"77":0,"78":0,"79":49,"81":49,"82":0,"83":49,"85":49,"86":1,"87":1,"88":49,"90":49,"91":1,"92":1,"93":1,"94":1,"95":1,"96":1,"97":1,"98":1,"99":1,"100":2,"101":2,"102":2,"103":1,"104":49,"106":49,"107":0,"108":0,"109":0,"110":49,"112":49,"114":49,"115":49,"116":49,"117":35,"118":49,"119":4,"120":49,"121":3,"122":49,"123":6,"124":49,"125":1,"126":49,"127":0,"128":49,"129":49,"131":49,"132":49,"133":49,"134":49,"135":49,"136":49,"137":49,"138":49,"139":49,"140":49,"141":49,"143":49,"144":49,"145":49,"146":0,"147":0,"148":0,"149":0,"150":0,"151":0,"152":0,"154":49,"155":49,"156":49,"157":49,"158":1,"159":1,"160":1,"161":1,"163":49,"164":49,"165":49,"166":49,"167":49,"168":49,"170":49,"172":1},"branchMap":{"0":{"type":"branch","line":23,"loc":{"start":{"line":23,"column":22},"end":{"line":171,"column":2}},"locations":[{"start":{"line":23,"column":22},"end":{"line":171,"column":2}}]},"1":{"type":"branch","line":45,"loc":{"start":{"line":45,"column":76},"end":{"line":45,"column":96}},"locations":[{"start":{"line":45,"column":76},"end":{"line":45,"column":96}}]},"2":{"type":"branch","line":48,"loc":{"start":{"line":48,"column":98},"end":{"line":48,"column":155}},"locations":[{"start":{"line":48,"column":98},"end":{"line":48,"column":155}}]},"3":{"type":"branch","line":146,"loc":{"start":{"line":146,"column":9},"end":{"line":153,"column":12}},"locations":[{"start":{"line":146,"column":9},"end":{"line":153,"column":12}}]},"4":{"type":"branch","line":158,"loc":{"start":{"line":158,"column":10},"end":{"line":158,"column":57}},"locations":[{"start":{"line":158,"column":10},"end":{"line":158,"column":57}}]},"5":{"type":"branch","line":158,"loc":{"start":{"line":158,"column":30},"end":{"line":162,"column":16}},"locations":[{"start":{"line":158,"column":30},"end":{"line":162,"column":16}}]},"6":{"type":"branch","line":27,"loc":{"start":{"line":27,"column":71},"end":{"line":27,"column":131}},"locations":[{"start":{"line":27,"column":71},"end":{"line":27,"column":131}}]},"7":{"type":"branch","line":27,"loc":{"start":{"line":27,"column":118},"end":{"line":27,"column":131}},"locations":[{"start":{"line":27,"column":118},"end":{"line":27,"column":131}}]},"8":{"type":"branch","line":28,"loc":{"start":{"line":28,"column":96},"end":{"line":28,"column":187}},"locations":[{"start":{"line":28,"column":96},"end":{"line":28,"column":187}}]},"9":{"type":"branch","line":28,"loc":{"start":{"line":28,"column":139},"end":{"line":28,"column":185}},"locations":[{"start":{"line":28,"column":139},"end":{"line":28,"column":185}}]},"10":{"type":"branch","line":30,"loc":{"start":{"line":30,"column":73},"end":{"line":30,"column":137}},"locations":[{"start":{"line":30,"column":73},"end":{"line":30,"column":137}}]},"11":{"type":"branch","line":45,"loc":{"start":{"line":45,"column":44},"end":{"line":45,"column":76}},"locations":[{"start":{"line":45,"column":44},"end":{"line":45,"column":76}}]},"12":{"type":"branch","line":50,"loc":{"start":{"line":50,"column":12},"end":{"line":60,"column":5}},"locations":[{"start":{"line":50,"column":12},"end":{"line":60,"column":5}}]},"13":{"type":"branch","line":51,"loc":{"start":{"line":51,"column":26},"end":{"line":58,"column":5}},"locations":[{"start":{"line":51,"column":26},"end":{"line":58,"column":5}}]},"14":{"type":"branch","line":54,"loc":{"start":{"line":54,"column":26},"end":{"line":54,"column":59}},"locations":[{"start":{"line":54,"column":26},"end":{"line":54,"column":59}}]},"15":{"type":"branch","line":54,"loc":{"start":{"line":54,"column":45},"end":{"line":54,"column":108}},"locations":[{"start":{"line":54,"column":45},"end":{"line":54,"column":108}}]},"16":{"type":"branch","line":54,"loc":{"start":{"line":54,"column":108},"end":{"line":57,"column":7}},"locations":[{"start":{"line":54,"column":108},"end":{"line":57,"column":7}}]},"17":{"type":"branch","line":53,"loc":{"start":{"line":53,"column":26},"end":{"line":53,"column":104}},"locations":[{"start":{"line":53,"column":26},"end":{"line":53,"column":104}}]},"18":{"type":"branch","line":53,"loc":{"start":{"line":53,"column":68},"end":{"line":53,"column":92}},"locations":[{"start":{"line":53,"column":68},"end":{"line":53,"column":92}}]},"19":{"type":"branch","line":53,"loc":{"start":{"line":53,"column":81},"end":{"line":53,"column":102}},"locations":[{"start":{"line":53,"column":81},"end":{"line":53,"column":102}}]},"20":{"type":"branch","line":68,"loc":{"start":{"line":68,"column":38},"end":{"line":68,"column":89}},"locations":[{"start":{"line":68,"column":38},"end":{"line":68,"column":89}}]},"21":{"type":"branch","line":68,"loc":{"start":{"line":68,"column":60},"end":{"line":68,"column":86}},"locations":[{"start":{"line":68,"column":60},"end":{"line":68,"column":86}}]},"22":{"type":"branch","line":86,"loc":{"start":{"line":86,"column":38},"end":{"line":89,"column":5}},"locations":[{"start":{"line":86,"column":38},"end":{"line":89,"column":5}}]},"23":{"type":"branch","line":91,"loc":{"start":{"line":91,"column":31},"end":{"line":105,"column":5}},"locations":[{"start":{"line":91,"column":31},"end":{"line":105,"column":5}}]},"24":{"type":"branch","line":100,"loc":{"start":{"line":100,"column":26},"end":{"line":104,"column":5}},"locations":[{"start":{"line":100,"column":26},"end":{"line":104,"column":5}}]},"25":{"type":"branch","line":101,"loc":{"start":{"line":101,"column":26},"end":{"line":101,"column":74}},"locations":[{"start":{"line":101,"column":26},"end":{"line":101,"column":74}}]},"26":{"type":"branch","line":103,"loc":{"start":{"line":103,"column":26},"end":{"line":103,"column":104}},"locations":[{"start":{"line":103,"column":26},"end":{"line":103,"column":104}}]},"27":{"type":"branch","line":103,"loc":{"start":{"line":103,"column":68},"end":{"line":103,"column":92}},"locations":[{"start":{"line":103,"column":68},"end":{"line":103,"column":92}}]},"28":{"type":"branch","line":103,"loc":{"start":{"line":103,"column":81},"end":{"line":103,"column":102}},"locations":[{"start":{"line":103,"column":81},"end":{"line":103,"column":102}}]},"29":{"type":"branch","line":115,"loc":{"start":{"line":115,"column":22},"end":{"line":130,"column":4}},"locations":[{"start":{"line":115,"column":22},"end":{"line":130,"column":4}}]},"30":{"type":"branch","line":117,"loc":{"start":{"line":117,"column":6},"end":{"line":118,"column":271}},"locations":[{"start":{"line":117,"column":6},"end":{"line":118,"column":271}}]},"31":{"type":"branch","line":119,"loc":{"start":{"line":119,"column":6},"end":{"line":120,"column":317}},"locations":[{"start":{"line":119,"column":6},"end":{"line":120,"column":317}}]},"32":{"type":"branch","line":121,"loc":{"start":{"line":121,"column":6},"end":{"line":122,"column":365}},"locations":[{"start":{"line":121,"column":6},"end":{"line":122,"column":365}}]},"33":{"type":"branch","line":123,"loc":{"start":{"line":123,"column":6},"end":{"line":124,"column":266}},"locations":[{"start":{"line":123,"column":6},"end":{"line":124,"column":266}}]},"34":{"type":"branch","line":125,"loc":{"start":{"line":125,"column":6},"end":{"line":126,"column":166}},"locations":[{"start":{"line":125,"column":6},"end":{"line":126,"column":166}}]},"35":{"type":"branch","line":127,"loc":{"start":{"line":127,"column":6},"end":{"line":128,"column":37}},"locations":[{"start":{"line":127,"column":6},"end":{"line":128,"column":37}}]},"36":{"type":"branch","line":118,"loc":{"start":{"line":118,"column":205},"end":{"line":118,"column":268}},"locations":[{"start":{"line":118,"column":205},"end":{"line":118,"column":268}}]},"37":{"type":"branch","line":122,"loc":{"start":{"line":122,"column":243},"end":{"line":122,"column":337}},"locations":[{"start":{"line":122,"column":243},"end":{"line":122,"column":337}}]},"38":{"type":"branch","line":140,"loc":{"start":{"line":140,"column":57},"end":{"line":140,"column":125}},"locations":[{"start":{"line":140,"column":57},"end":{"line":140,"column":125}}]},"39":{"type":"branch","line":140,"loc":{"start":{"line":140,"column":107},"end":{"line":140,"column":123}},"locations":[{"start":{"line":140,"column":107},"end":{"line":140,"column":123}}]}},"b":{"0":[49],"1":[0],"2":[0],"3":[0],"4":[27],"5":[1],"6":[12],"7":[0],"8":[12],"9":[24],"10":[12],"11":[49],"12":[12],"13":[24],"14":[12],"15":[0],"16":[0],"17":[19],"18":[10],"19":[9],"20":[11],"21":[11],"22":[1],"23":[1],"24":[2],"25":[2],"26":[2],"27":[1],"28":[1],"29":[49],"30":[35],"31":[4],"32":[3],"33":[6],"34":[1],"35":[0],"36":[4],"37":[3],"38":[98],"39":[0]},"fnMap":{"0":{"name":"App","decl":{"start":{"line":23,"column":22},"end":{"line":171,"column":2}},"loc":{"start":{"line":23,"column":22},"end":{"line":171,"column":2}},"line":23},"1":{"name":"handleSelectProvider","decl":{"start":{"line":62,"column":31},"end":{"line":66,"column":4}},"loc":{"start":{"line":62,"column":31},"end":{"line":66,"column":4}},"line":62},"2":{"name":"renderStage","decl":{"start":{"line":115,"column":22},"end":{"line":130,"column":4}},"loc":{"start":{"line":115,"column":22},"end":{"line":130,"column":4}},"line":115},"3":{"name":"onConceptsGenerated","decl":{"start":{"line":118,"column":205},"end":{"line":118,"column":268}},"loc":{"start":{"line":118,"column":205},"end":{"line":118,"column":268}},"line":118},"4":{"name":"onPromptGenerated","decl":{"start":{"line":122,"column":243},"end":{"line":122,"column":337}},"loc":{"start":{"line":122,"column":243},"end":{"line":122,"column":337}},"line":122},"5":{"name":"onClick","decl":{"start":{"line":141,"column":27},"end":{"line":141,"column":56}},"loc":{"start":{"line":141,"column":27},"end":{"line":141,"column":56}},"line":141},"6":{"name":"onModelChange","decl":{"start":{"line":149,"column":27},"end":{"line":149,"column":116}},"loc":{"start":{"line":149,"column":27},"end":{"line":149,"column":116}},"line":149},"7":{"name":"onGeminiModelChange","decl":{"start":{"line":151,"column":33},"end":{"line":151,"column":122}},"loc":{"start":{"line":151,"column":33},"end":{"line":151,"column":122}},"line":151},"8":{"name":"onClose","decl":{"start":{"line":152,"column":21},"end":{"line":152,"column":50}},"loc":{"start":{"line":152,"column":21},"end":{"line":152,"column":50}},"line":152}},"f":{"0":49,"1":0,"2":49,"3":4,"4":3,"5":0,"6":0,"7":0,"8":0}}
,"C:\\y\\synergy-prompt-crafter\\constants.ts": {"path":"C:\\y\\synergy-prompt-crafter\\constants.ts","all":false,"statementMap":{"3":{"start":{"line":4,"column":0},"end":{"line":4,"column":49}},"4":{"start":{"line":5,"column":0},"end":{"line":5,"column":28}},"5":{"start":{"line":6,"column":0},"end":{"line":6,"column":15}},"6":{"start":{"line":7,"column":0},"end":{"line":7,"column":12}},"7":{"start":{"line":8,"column":0},"end":{"line":8,"column":12}},"8":{"start":{"line":9,"column":0},"end":{"line":9,"column":12}},"9":{"start":{"line":10,"column":0},"end":{"line":10,"column":15}},"10":{"start":{"line":11,"column":0},"end":{"line":11,"column":14}},"11":{"start":{"line":12,"column":0},"end":{"line":12,"column":15}},"12":{"start":{"line":13,"column":0},"end":{"line":13,"column":14}},"13":{"start":{"line":14,"column":0},"end":{"line":14,"column":16}},"14":{"start":{"line":15,"column":0},"end":{"line":15,"column":21}},"15":{"start":{"line":16,"column":0},"end":{"line":16,"column":16}},"16":{"start":{"line":17,"column":0},"end":{"line":17,"column":26}},"17":{"start":{"line":18,"column":0},"end":{"line":18,"column":22}},"18":{"start":{"line":19,"column":0},"end":{"line":19,"column":17}},"19":{"start":{"line":20,"column":0},"end":{"line":20,"column":17}},"20":{"start":{"line":21,"column":0},"end":{"line":21,"column":16}},"21":{"start":{"line":22,"column":0},"end":{"line":22,"column":17}},"22":{"start":{"line":23,"column":0},"end":{"line":23,"column":17}},"23":{"start":{"line":24,"column":0},"end":{"line":24,"column":26}},"24":{"start":{"line":25,"column":0},"end":{"line":25,"column":2}},"26":{"start":{"line":27,"column":0},"end":{"line":27,"column":48}},"27":{"start":{"line":28,"column":0},"end":{"line":28,"column":11}},"28":{"start":{"line":29,"column":0},"end":{"line":29,"column":14}},"29":{"start":{"line":30,"column":0},"end":{"line":30,"column":11}},"30":{"start":{"line":31,"column":0},"end":{"line":31,"column":15}},"31":{"start":{"line":32,"column":0},"end":{"line":32,"column":18}},"32":{"start":{"line":33,"column":0},"end":{"line":33,"column":18}},"33":{"start":{"line":34,"column":0},"end":{"line":34,"column":26}},"34":{"start":{"line":35,"column":0},"end":{"line":35,"column":22}},"35":{"start":{"line":36,"column":0},"end":{"line":36,"column":2}},"37":{"start":{"line":38,"column":0},"end":{"line":38,"column":39}},"38":{"start":{"line":39,"column":0},"end":{"line":39,"column":72}},"39":{"start":{"line":40,"column":0},"end":{"line":40,"column":68}},"40":{"start":{"line":41,"column":0},"end":{"line":41,"column":2}},"42":{"start":{"line":43,"column":0},"end":{"line":43,"column":41}},"43":{"start":{"line":44,"column":0},"end":{"line":44,"column":77}},"44":{"start":{"line":45,"column":0},"end":{"line":45,"column":69}},"45":{"start":{"line":46,"column":0},"end":{"line":46,"column":57}},"46":{"start":{"line":47,"column":0},"end":{"line":47,"column":2}},"48":{"start":{"line":49,"column":0},"end":{"line":49,"column":146}},"50":{"start":{"line":51,"column":0},"end":{"line":51,"column":41}},"51":{"start":{"line":52,"column":0},"end":{"line":52,"column":43}},"53":{"start":{"line":54,"column":0},"end":{"line":54,"column":27}},"54":{"start":{"line":55,"column":0},"end":{"line":55,"column":88}},"55":{"start":{"line":56,"column":0},"end":{"line":56,"column":83}},"56":{"start":{"line":57,"column":0},"end":{"line":57,"column":71}},"57":{"start":{"line":58,"column":0},"end":{"line":58,"column":2}}},"s":{"3":1,"4":1,"5":1,"6":1,"7":1,"8":1,"9":1,"10":1,"11":1,"12":1,"13":1,"14":1,"15":1,"16":1,"17":1,"18":1,"19":1,"20":1,"21":1,"22":1,"23":1,"24":1,"26":1,"27":1,"28":1,"29":1,"30":1,"31":1,"32":1,"33":1,"34":1,"35":1,"37":1,"38":1,"39":1,"40":1,"42":1,"43":1,"44":1,"45":1,"46":1,"48":1,"50":1,"51":1,"53":1,"54":1,"55":1,"56":1,"57":1},"branchMap":{"0":{"type":"branch","line":55,"loc":{"start":{"line":55,"column":33},"end":{"line":55,"column":88}},"locations":[{"start":{"line":55,"column":33},"end":{"line":55,"column":88}}]},"1":{"type":"branch","line":56,"loc":{"start":{"line":56,"column":29},"end":{"line":56,"column":83}},"locations":[{"start":{"line":56,"column":29},"end":{"line":56,"column":83}}]},"2":{"type":"branch","line":57,"loc":{"start":{"line":57,"column":31},"end":{"line":57,"column":71}},"locations":[{"start":{"line":57,"column":31},"end":{"line":57,"column":71}}]}},"b":{"0":[0],"1":[0],"2":[0]},"fnMap":{},"f":{}}
,"C:\\y\\synergy-prompt-crafter\\index.tsx": {"path":"C:\\y\\synergy-prompt-crafter\\index.tsx","all":true,"statementMap":{"0":{"start":{"line":1,"column":0},"end":{"line":1,"column":26}},"1":{"start":{"line":2,"column":0},"end":{"line":2,"column":40}},"2":{"start":{"line":3,"column":0},"end":{"line":3,"column":24}},"3":{"start":{"line":4,"column":0},"end":{"line":4,"column":51}},"5":{"start":{"line":6,"column":0},"end":{"line":6,"column":52}},"6":{"start":{"line":7,"column":0},"end":{"line":7,"column":19}},"7":{"start":{"line":8,"column":0},"end":{"line":8,"column":61}},"8":{"start":{"line":9,"column":0},"end":{"line":9,"column":1}},"10":{"start":{"line":11,"column":0},"end":{"line":11,"column":46}},"11":{"start":{"line":12,"column":0},"end":{"line":12,"column":12}},"12":{"start":{"line":13,"column":0},"end":{"line":13,"column":20}},"13":{"start":{"line":14,"column":0},"end":{"line":14,"column":19}},"14":{"start":{"line":15,"column":0},"end":{"line":15,"column":13}},"15":{"start":{"line":16,"column":0},"end":{"line":16,"column":20}},"16":{"start":{"line":17,"column":0},"end":{"line":17,"column":21}},"17":{"start":{"line":18,"column":0},"end":{"line":18,"column":2}}},"s":{"0":0,"1":0,"2":0,"3":0,"5":0,"6":0,"7":0,"8":0,"10":0,"11":0,"12":0,"13":0,"14":0,"15":0,"16":0,"17":0},"branchMap":{"0":{"type":"branch","line":1,"loc":{"start":{"line":1,"column":391},"end":{"line":18,"column":-298}},"locations":[{"start":{"line":1,"column":391},"end":{"line":18,"column":-298}}]}},"b":{"0":[0]},"fnMap":{"0":{"name":"(empty-report)","decl":{"start":{"line":1,"column":391},"end":{"line":18,"column":-298}},"loc":{"start":{"line":1,"column":391},"end":{"line":18,"column":-298}},"line":1}},"f":{"0":0}}
,"C:\\y\\synergy-prompt-crafter\\navigation.ts": {"path":"C:\\y\\synergy-prompt-crafter\\navigation.ts","all":false,"statementMap":{"4":{"start":{"line":5,"column":0},"end":{"line":5,"column":35}},"6":{"start":{"line":7,"column":0},"end":{"line":7,"column":30}},"7":{"start":{"line":8,"column":0},"end":{"line":8,"column":46}},"8":{"start":{"line":9,"column":0},"end":{"line":9,"column":57}},"9":{"start":{"line":10,"column":0},"end":{"line":10,"column":58}},"10":{"start":{"line":11,"column":0},"end":{"line":11,"column":49}},"11":{"start":{"line":12,"column":0},"end":{"line":12,"column":50}},"12":{"start":{"line":13,"column":0},"end":{"line":13,"column":2}},"14":{"start":{"line":15,"column":0},"end":{"line":15,"column":62}},"15":{"start":{"line":16,"column":0},"end":{"line":16,"column":61}},"16":{"start":{"line":17,"column":0},"end":{"line":17,"column":78}},"17":{"start":{"line":18,"column":0},"end":{"line":18,"column":2}},"19":{"start":{"line":20,"column":0},"end":{"line":20,"column":62}},"20":{"start":{"line":21,"column":0},"end":{"line":21,"column":61}},"21":{"start":{"line":22,"column":0},"end":{"line":22,"column":55}},"22":{"start":{"line":23,"column":0},"end":{"line":23,"column":2}}},"s":{"4":1,"6":1,"7":1,"8":1,"9":1,"10":1,"11":1,"12":1,"14":1,"15":14,"16":14,"17":14,"19":1,"20":3,"21":3,"22":3},"branchMap":{"0":{"type":"branch","line":15,"loc":{"start":{"line":15,"column":28},"end":{"line":18,"column":2}},"locations":[{"start":{"line":15,"column":28},"end":{"line":18,"column":2}}]},"1":{"type":"branch","line":17,"loc":{"start":{"line":17,"column":38},"end":{"line":17,"column":70}},"locations":[{"start":{"line":17,"column":38},"end":{"line":17,"column":70}}]},"2":{"type":"branch","line":17,"loc":{"start":{"line":17,"column":65},"end":{"line":17,"column":78}},"locations":[{"start":{"line":17,"column":65},"end":{"line":17,"column":78}}]},"3":{"type":"branch","line":16,"loc":{"start":{"line":16,"column":38},"end":{"line":16,"column":59}},"locations":[{"start":{"line":16,"column":38},"end":{"line":16,"column":59}}]},"4":{"type":"branch","line":20,"loc":{"start":{"line":20,"column":28},"end":{"line":23,"column":2}},"locations":[{"start":{"line":20,"column":28},"end":{"line":23,"column":2}}]},"5":{"type":"branch","line":22,"loc":{"start":{"line":22,"column":15},"end":{"line":22,"column":47}},"locations":[{"start":{"line":22,"column":15},"end":{"line":22,"column":47}}]},"6":{"type":"branch","line":22,"loc":{"start":{"line":22,"column":42},"end":{"line":22,"column":55}},"locations":[{"start":{"line":22,"column":42},"end":{"line":22,"column":55}}]},"7":{"type":"branch","line":21,"loc":{"start":{"line":21,"column":38},"end":{"line":21,"column":59}},"locations":[{"start":{"line":21,"column":38},"end":{"line":21,"column":59}}]}},"b":{"0":[14],"1":[13],"2":[1],"3":[31],"4":[3],"5":[2],"6":[1],"7":[8]},"fnMap":{"0":{"name":"getNextStage","decl":{"start":{"line":15,"column":28},"end":{"line":18,"column":2}},"loc":{"start":{"line":15,"column":28},"end":{"line":18,"column":2}},"line":15},"1":{"name":"getPrevStage","decl":{"start":{"line":20,"column":28},"end":{"line":23,"column":2}},"loc":{"start":{"line":20,"column":28},"end":{"line":23,"column":2}},"line":20}},"f":{"0":14,"1":3}}
,"C:\\y\\synergy-prompt-crafter\\postcss.config.js": {"path":"C:\\y\\synergy-prompt-crafter\\postcss.config.js","all":true,"statementMap":{"0":{"start":{"line":1,"column":0},"end":{"line":1,"column":81}},"1":{"start":{"line":2,"column":0},"end":{"line":2,"column":18}}},"s":{"0":0,"1":0},"branchMap":{"0":{"type":"branch","line":1,"loc":{"start":{"line":1,"column":101},"end":{"line":2,"column":18}},"locations":[{"start":{"line":1,"column":101},"end":{"line":2,"column":18}}]}},"b":{"0":[0]},"fnMap":{"0":{"name":"(empty-report)","decl":{"start":{"line":1,"column":101},"end":{"line":2,"column":18}},"loc":{"start":{"line":1,"column":101},"end":{"line":2,"column":18}},"line":1}},"f":{"0":0}}
,"C:\\y\\synergy-prompt-crafter\\tailwind.config.js": {"path":"C:\\y\\synergy-prompt-crafter\\tailwind.config.js","all":true,"statementMap":{"0":{"start":{"line":1,"column":0},"end":{"line":1,"column":95}},"1":{"start":{"line":2,"column":0},"end":{"line":2,"column":58}}},"s":{"0":0,"1":0},"branchMap":{"0":{"type":"branch","line":1,"loc":{"start":{"line":1,"column":155},"end":{"line":2,"column":58}},"locations":[{"start":{"line":1,"column":155},"end":{"line":2,"column":58}}]}},"b":{"0":[0]},"fnMap":{"0":{"name":"(empty-report)","decl":{"start":{"line":1,"column":155},"end":{"line":2,"column":58}},"loc":{"start":{"line":1,"column":155},"end":{"line":2,"column":58}},"line":1}},"f":{"0":0}}
,"C:\\y\\synergy-prompt-crafter\\types.ts": {"path":"C:\\y\\synergy-prompt-crafter\\types.ts","all":false,"statementMap":{"1":{"start":{"line":2,"column":0},"end":{"line":2,"column":22}},"2":{"start":{"line":3,"column":0},"end":{"line":3,"column":24}},"3":{"start":{"line":4,"column":0},"end":{"line":4,"column":46}},"4":{"start":{"line":5,"column":0},"end":{"line":5,"column":46}},"5":{"start":{"line":6,"column":0},"end":{"line":6,"column":34}},"6":{"start":{"line":7,"column":0},"end":{"line":7,"column":32}}},"s":{"1":1,"2":1,"3":1,"4":1,"5":1,"6":1},"branchMap":{"0":{"type":"branch","line":2,"loc":{"start":{"line":2,"column":7},"end":{"line":2,"column":22}},"locations":[{"start":{"line":2,"column":7},"end":{"line":2,"column":22}}]}},"b":{"0":[2]},"fnMap":{},"f":{}}
,"C:\\y\\synergy-prompt-crafter\\components\\ActionButton.tsx": {"path":"C:\\y\\synergy-prompt-crafter\\components\\ActionButton.tsx","all":false,"statementMap":{"13":{"start":{"line":14,"column":0},"end":{"line":14,"column":53}},"14":{"start":{"line":15,"column":0},"end":{"line":15,"column":11}},"15":{"start":{"line":16,"column":0},"end":{"line":16,"column":20}},"16":{"start":{"line":17,"column":0},"end":{"line":17,"column":12}},"17":{"start":{"line":18,"column":0},"end":{"line":18,"column":17}},"18":{"start":{"line":19,"column":0},"end":{"line":19,"column":22}},"19":{"start":{"line":20,"column":0},"end":{"line":20,"column":7}},"20":{"start":{"line":21,"column":0},"end":{"line":21,"column":33}},"21":{"start":{"line":22,"column":0},"end":{"line":22,"column":7}},"22":{"start":{"line":23,"column":0},"end":{"line":23,"column":216}},"24":{"start":{"line":25,"column":0},"end":{"line":25,"column":25}},"25":{"start":{"line":26,"column":0},"end":{"line":26,"column":19}},"26":{"start":{"line":27,"column":0},"end":{"line":27,"column":19}},"27":{"start":{"line":28,"column":0},"end":{"line":28,"column":82}},"28":{"start":{"line":29,"column":0},"end":{"line":29,"column":12}},"29":{"start":{"line":30,"column":0},"end":{"line":30,"column":21}},"30":{"start":{"line":31,"column":0},"end":{"line":31,"column":92}},"31":{"start":{"line":32,"column":0},"end":{"line":32,"column":12}},"32":{"start":{"line":33,"column":0},"end":{"line":33,"column":18}},"33":{"start":{"line":34,"column":0},"end":{"line":34,"column":82}},"34":{"start":{"line":35,"column":0},"end":{"line":35,"column":12}},"35":{"start":{"line":36,"column":0},"end":{"line":36,"column":17}},"36":{"start":{"line":37,"column":0},"end":{"line":37,"column":120}},"37":{"start":{"line":38,"column":0},"end":{"line":38,"column":14}},"38":{"start":{"line":39,"column":0},"end":{"line":39,"column":3}},"40":{"start":{"line":41,"column":0},"end":{"line":41,"column":73}},"42":{"start":{"line":43,"column":0},"end":{"line":43,"column":10}},"43":{"start":{"line":44,"column":0},"end":{"line":44,"column":11}},"44":{"start":{"line":45,"column":0},"end":{"line":45,"column":23}},"45":{"start":{"line":46,"column":0},"end":{"line":46,"column":25}},"46":{"start":{"line":47,"column":0},"end":{"line":47,"column":81}},"47":{"start":{"line":48,"column":0},"end":{"line":48,"column":44}},"49":{"start":{"line":50,"column":0},"end":{"line":50,"column":52}},"50":{"start":{"line":51,"column":0},"end":{"line":51,"column":16}},"51":{"start":{"line":52,"column":0},"end":{"line":52,"column":13}},"53":{"start":{"line":54,"column":0},"end":{"line":54,"column":2}},"55":{"start":{"line":56,"column":0},"end":{"line":56,"column":28}}},"s":{"13":1,"14":343,"15":343,"16":343,"17":343,"18":343,"19":343,"20":343,"21":343,"22":343,"24":343,"25":343,"26":343,"27":285,"28":285,"29":343,"30":58,"31":58,"32":343,"33":0,"34":0,"35":343,"36":0,"37":0,"38":343,"40":343,"42":343,"43":343,"44":343,"45":343,"46":343,"47":343,"49":343,"50":343,"51":343,"53":343,"55":1},"branchMap":{"0":{"type":"branch","line":14,"loc":{"start":{"line":14,"column":50},"end":{"line":54,"column":2}},"locations":[{"start":{"line":14,"column":50},"end":{"line":54,"column":2}}]},"1":{"type":"branch","line":27,"loc":{"start":{"line":27,"column":4},"end":{"line":29,"column":12}},"locations":[{"start":{"line":27,"column":4},"end":{"line":29,"column":12}}]},"2":{"type":"branch","line":30,"loc":{"start":{"line":30,"column":4},"end":{"line":32,"column":12}},"locations":[{"start":{"line":30,"column":4},"end":{"line":32,"column":12}}]},"3":{"type":"branch","line":33,"loc":{"start":{"line":33,"column":4},"end":{"line":35,"column":12}},"locations":[{"start":{"line":33,"column":4},"end":{"line":35,"column":12}}]},"4":{"type":"branch","line":36,"loc":{"start":{"line":36,"column":4},"end":{"line":38,"column":14}},"locations":[{"start":{"line":36,"column":4},"end":{"line":38,"column":14}}]},"5":{"type":"branch","line":41,"loc":{"start":{"line":41,"column":25},"end":{"line":41,"column":70}},"locations":[{"start":{"line":41,"column":25},"end":{"line":41,"column":70}}]},"6":{"type":"branch","line":41,"loc":{"start":{"line":41,"column":36},"end":{"line":41,"column":73}},"locations":[{"start":{"line":41,"column":36},"end":{"line":41,"column":73}}]},"7":{"type":"branch","line":50,"loc":{"start":{"line":50,"column":7},"end":{"line":50,"column":52}},"locations":[{"start":{"line":50,"column":7},"end":{"line":50,"column":52}}]}},"b":{"0":[343],"1":[285],"2":[58],"3":[0],"4":[0],"5":[167],"6":[176],"7":[334]},"fnMap":{"0":{"name":"ActionButton","decl":{"start":{"line":14,"column":50},"end":{"line":54,"column":2}},"loc":{"start":{"line":14,"column":50},"end":{"line":54,"column":2}},"line":14}},"f":{"0":343}}
,"C:\\y\\synergy-prompt-crafter\\components\\Icons.tsx": {"path":"C:\\y\\synergy-prompt-crafter\\components\\Icons.tsx","all":false,"statementMap":{"3":{"start":{"line":4,"column":0},"end":{"line":4,"column":94}},"4":{"start":{"line":5,"column":0},"end":{"line":5,"column":136}},"5":{"start":{"line":6,"column":0},"end":{"line":6,"column":375}},"6":{"start":{"line":7,"column":0},"end":{"line":7,"column":8}},"9":{"start":{"line":10,"column":0},"end":{"line":10,"column":95}},"10":{"start":{"line":11,"column":0},"end":{"line":11,"column":136}},"11":{"start":{"line":12,"column":0},"end":{"line":12,"column":724}},"12":{"start":{"line":13,"column":0},"end":{"line":13,"column":8}},"15":{"start":{"line":16,"column":0},"end":{"line":16,"column":96}},"16":{"start":{"line":17,"column":0},"end":{"line":17,"column":136}},"17":{"start":{"line":18,"column":0},"end":{"line":18,"column":98}},"18":{"start":{"line":19,"column":0},"end":{"line":19,"column":8}},"21":{"start":{"line":22,"column":0},"end":{"line":22,"column":95}},"22":{"start":{"line":23,"column":0},"end":{"line":23,"column":136}},"23":{"start":{"line":24,"column":0},"end":{"line":24,"column":97}},"24":{"start":{"line":25,"column":0},"end":{"line":25,"column":8}},"27":{"start":{"line":28,"column":0},"end":{"line":28,"column":95}},"28":{"start":{"line":29,"column":0},"end":{"line":29,"column":136}},"29":{"start":{"line":30,"column":0},"end":{"line":30,"column":334}},"30":{"start":{"line":31,"column":0},"end":{"line":31,"column":8}},"33":{"start":{"line":34,"column":0},"end":{"line":34,"column":93}},"34":{"start":{"line":35,"column":0},"end":{"line":35,"column":136}},"35":{"start":{"line":36,"column":0},"end":{"line":36,"column":225}},"36":{"start":{"line":37,"column":0},"end":{"line":37,"column":8}},"39":{"start":{"line":40,"column":0},"end":{"line":40,"column":96}},"40":{"start":{"line":41,"column":0},"end":{"line":41,"column":136}},"41":{"start":{"line":42,"column":0},"end":{"line":42,"column":111}},"42":{"start":{"line":43,"column":0},"end":{"line":43,"column":8}},"45":{"start":{"line":46,"column":0},"end":{"line":46,"column":99}},"46":{"start":{"line":47,"column":0},"end":{"line":47,"column":136}},"47":{"start":{"line":48,"column":0},"end":{"line":48,"column":153}},"48":{"start":{"line":49,"column":0},"end":{"line":49,"column":8}},"51":{"start":{"line":52,"column":0},"end":{"line":52,"column":90}},"52":{"start":{"line":53,"column":0},"end":{"line":53,"column":136}},"53":{"start":{"line":54,"column":0},"end":{"line":54,"column":1044}},"54":{"start":{"line":55,"column":0},"end":{"line":55,"column":94}},"55":{"start":{"line":56,"column":0},"end":{"line":56,"column":8}}},"s":{"3":1,"4":105,"5":105,"6":105,"9":1,"10":34,"11":34,"12":34,"15":1,"16":44,"17":44,"18":44,"21":1,"22":48,"23":48,"24":48,"27":1,"28":1,"29":1,"30":1,"33":1,"34":37,"35":37,"36":37,"39":1,"40":81,"41":81,"42":81,"45":1,"46":1,"47":1,"48":1,"51":1,"52":49,"53":49,"54":49,"55":49},"branchMap":{"0":{"type":"branch","line":4,"loc":{"start":{"line":4,"column":62},"end":{"line":7,"column":8}},"locations":[{"start":{"line":4,"column":62},"end":{"line":7,"column":8}}]},"1":{"type":"branch","line":10,"loc":{"start":{"line":10,"column":63},"end":{"line":13,"column":8}},"locations":[{"start":{"line":10,"column":63},"end":{"line":13,"column":8}}]},"2":{"type":"branch","line":16,"loc":{"start":{"line":16,"column":64},"end":{"line":19,"column":8}},"locations":[{"start":{"line":16,"column":64},"end":{"line":19,"column":8}}]},"3":{"type":"branch","line":22,"loc":{"start":{"line":22,"column":63},"end":{"line":25,"column":8}},"locations":[{"start":{"line":22,"column":63},"end":{"line":25,"column":8}}]},"4":{"type":"branch","line":28,"loc":{"start":{"line":28,"column":63},"end":{"line":31,"column":8}},"locations":[{"start":{"line":28,"column":63},"end":{"line":31,"column":8}}]},"5":{"type":"branch","line":34,"loc":{"start":{"line":34,"column":61},"end":{"line":37,"column":8}},"locations":[{"start":{"line":34,"column":61},"end":{"line":37,"column":8}}]},"6":{"type":"branch","line":40,"loc":{"start":{"line":40,"column":64},"end":{"line":43,"column":8}},"locations":[{"start":{"line":40,"column":64},"end":{"line":43,"column":8}}]},"7":{"type":"branch","line":46,"loc":{"start":{"line":46,"column":67},"end":{"line":49,"column":8}},"locations":[{"start":{"line":46,"column":67},"end":{"line":49,"column":8}}]},"8":{"type":"branch","line":52,"loc":{"start":{"line":52,"column":58},"end":{"line":56,"column":8}},"locations":[{"start":{"line":52,"column":58},"end":{"line":56,"column":8}}]}},"b":{"0":[105],"1":[34],"2":[44],"3":[48],"4":[1],"5":[37],"6":[81],"7":[1],"8":[49]},"fnMap":{"0":{"name":"SparklesIcon","decl":{"start":{"line":4,"column":62},"end":{"line":7,"column":8}},"loc":{"start":{"line":4,"column":62},"end":{"line":7,"column":8}},"line":4},"1":{"name":"LightBulbIcon","decl":{"start":{"line":10,"column":63},"end":{"line":13,"column":8}},"loc":{"start":{"line":10,"column":63},"end":{"line":13,"column":8}},"line":10},"2":{"name":"ArrowRightIcon","decl":{"start":{"line":16,"column":64},"end":{"line":19,"column":8}},"loc":{"start":{"line":16,"column":64},"end":{"line":19,"column":8}},"line":16},"3":{"name":"ArrowLeftIcon","decl":{"start":{"line":22,"column":63},"end":{"line":25,"column":8}},"loc":{"start":{"line":22,"column":63},"end":{"line":25,"column":8}},"line":22},"4":{"name":"ClipboardIcon","decl":{"start":{"line":28,"column":63},"end":{"line":31,"column":8}},"loc":{"start":{"line":28,"column":63},"end":{"line":31,"column":8}},"line":28},"5":{"name":"RefreshIcon","decl":{"start":{"line":34,"column":61},"end":{"line":37,"column":8}},"loc":{"start":{"line":34,"column":61},"end":{"line":37,"column":8}},"line":34},"6":{"name":"PlusCircleIcon","decl":{"start":{"line":40,"column":64},"end":{"line":43,"column":8}},"loc":{"start":{"line":40,"column":64},"end":{"line":43,"column":8}},"line":40},"7":{"name":"PaperAirplaneIcon","decl":{"start":{"line":46,"column":67},"end":{"line":49,"column":8}},"loc":{"start":{"line":46,"column":67},"end":{"line":49,"column":8}},"line":46},"8":{"name":"GearIcon","decl":{"start":{"line":52,"column":58},"end":{"line":56,"column":8}},"loc":{"start":{"line":52,"column":58},"end":{"line":56,"column":8}},"line":52}},"f":{"0":105,"1":34,"2":44,"3":48,"4":1,"5":37,"6":81,"7":1,"8":49}}
,"C:\\y\\synergy-prompt-crafter\\components\\LoadingSpinner.tsx": {"path":"C:\\y\\synergy-prompt-crafter\\components\\LoadingSpinner.tsx","all":false,"statementMap":{"3":{"start":{"line":4,"column":0},"end":{"line":4,"column":79}},"4":{"start":{"line":5,"column":0},"end":{"line":5,"column":10}},"5":{"start":{"line":6,"column":0},"end":{"line":6,"column":114}},"6":{"start":{"line":7,"column":0},"end":{"line":7,"column":49}},"7":{"start":{"line":8,"column":0},"end":{"line":8,"column":10}},"9":{"start":{"line":10,"column":0},"end":{"line":10,"column":2}},"11":{"start":{"line":12,"column":0},"end":{"line":12,"column":30}}},"s":{"3":1,"4":40,"5":40,"6":40,"7":40,"9":40,"11":1},"branchMap":{"0":{"type":"branch","line":4,"loc":{"start":{"line":4,"column":52},"end":{"line":10,"column":2}},"locations":[{"start":{"line":4,"column":52},"end":{"line":10,"column":2}}]}},"b":{"0":[40]},"fnMap":{"0":{"name":"LoadingSpinner","decl":{"start":{"line":4,"column":52},"end":{"line":10,"column":2}},"loc":{"start":{"line":4,"column":52},"end":{"line":10,"column":2}},"line":4}},"f":{"0":40}}
,"C:\\y\\synergy-prompt-crafter\\components\\Pill.tsx": {"path":"C:\\y\\synergy-prompt-crafter\\components\\Pill.tsx","all":false,"statementMap":{"13":{"start":{"line":14,"column":0},"end":{"line":14,"column":36}},"14":{"start":{"line":15,"column":0},"end":{"line":15,"column":7}},"15":{"start":{"line":16,"column":0},"end":{"line":16,"column":25}},"16":{"start":{"line":17,"column":0},"end":{"line":17,"column":31}},"17":{"start":{"line":18,"column":0},"end":{"line":18,"column":10}},"18":{"start":{"line":19,"column":0},"end":{"line":19,"column":11}},"19":{"start":{"line":20,"column":0},"end":{"line":20,"column":14}},"20":{"start":{"line":21,"column":0},"end":{"line":21,"column":17}},"21":{"start":{"line":22,"column":0},"end":{"line":22,"column":7}},"22":{"start":{"line":23,"column":0},"end":{"line":23,"column":7}},"23":{"start":{"line":24,"column":0},"end":{"line":24,"column":108}},"24":{"start":{"line":25,"column":0},"end":{"line":25,"column":83}},"25":{"start":{"line":26,"column":0},"end":{"line":26,"column":75}},"27":{"start":{"line":28,"column":0},"end":{"line":28,"column":10}},"28":{"start":{"line":29,"column":0},"end":{"line":29,"column":9}},"29":{"start":{"line":30,"column":0},"end":{"line":30,"column":66}},"30":{"start":{"line":31,"column":0},"end":{"line":31,"column":23}},"31":{"start":{"line":32,"column":0},"end":{"line":32,"column":44}},"33":{"start":{"line":34,"column":0},"end":{"line":34,"column":12}},"34":{"start":{"line":35,"column":0},"end":{"line":35,"column":20}},"35":{"start":{"line":36,"column":0},"end":{"line":36,"column":15}},"36":{"start":{"line":37,"column":0},"end":{"line":37,"column":27}},"37":{"start":{"line":38,"column":0},"end":{"line":38,"column":74}},"38":{"start":{"line":39,"column":0},"end":{"line":39,"column":23}},"39":{"start":{"line":40,"column":0},"end":{"line":40,"column":12}},"40":{"start":{"line":41,"column":0},"end":{"line":41,"column":113}},"41":{"start":{"line":42,"column":0},"end":{"line":42,"column":39}},"43":{"start":{"line":44,"column":0},"end":{"line":44,"column":87}},"44":{"start":{"line":45,"column":0},"end":{"line":45,"column":81}},"45":{"start":{"line":46,"column":0},"end":{"line":46,"column":16}},"46":{"start":{"line":47,"column":0},"end":{"line":47,"column":17}},"48":{"start":{"line":49,"column":0},"end":{"line":49,"column":11}},"50":{"start":{"line":51,"column":0},"end":{"line":51,"column":2}},"52":{"start":{"line":53,"column":0},"end":{"line":53,"column":20}}},"s":{"13":1,"14":46,"15":46,"16":46,"17":46,"18":46,"19":46,"20":46,"21":46,"22":46,"23":46,"24":46,"25":46,"27":46,"28":46,"29":46,"30":46,"31":46,"33":46,"34":46,"35":40,"36":40,"37":0,"38":0,"39":0,"40":40,"41":40,"43":40,"44":40,"45":40,"46":40,"48":46,"50":46,"52":1},"branchMap":{"0":{"type":"branch","line":14,"loc":{"start":{"line":14,"column":34},"end":{"line":51,"column":2}},"locations":[{"start":{"line":14,"column":34},"end":{"line":51,"column":2}}]},"1":{"type":"branch","line":25,"loc":{"start":{"line":25,"column":30},"end":{"line":25,"column":63}},"locations":[{"start":{"line":25,"column":30},"end":{"line":25,"column":63}}]},"2":{"type":"branch","line":26,"loc":{"start":{"line":26,"column":26},"end":{"line":26,"column":72}},"locations":[{"start":{"line":26,"column":26},"end":{"line":26,"column":72}}]},"3":{"type":"branch","line":26,"loc":{"start":{"line":26,"column":36},"end":{"line":26,"column":75}},"locations":[{"start":{"line":26,"column":36},"end":{"line":26,"column":75}}]},"4":{"type":"branch","line":35,"loc":{"start":{"line":35,"column":7},"end":{"line":47,"column":17}},"locations":[{"start":{"line":35,"column":7},"end":{"line":47,"column":17}}]}},"b":{"0":[46],"1":[0],"2":[6],"3":[40],"4":[40]},"fnMap":{"0":{"name":"Pill","decl":{"start":{"line":14,"column":34},"end":{"line":51,"column":2}},"loc":{"start":{"line":14,"column":34},"end":{"line":51,"column":2}},"line":14},"1":{"name":"onClick","decl":{"start":{"line":37,"column":19},"end":{"line":40,"column":12}},"loc":{"start":{"line":37,"column":19},"end":{"line":40,"column":12}},"line":37}},"f":{"0":46,"1":0}}
,"C:\\y\\synergy-prompt-crafter\\components\\ProviderSelector.tsx": {"path":"C:\\y\\synergy-prompt-crafter\\components\\ProviderSelector.tsx","all":false,"statementMap":{"14":{"start":{"line":15,"column":0},"end":{"line":15,"column":22}},"15":{"start":{"line":16,"column":0},"end":{"line":16,"column":27}},"16":{"start":{"line":17,"column":0},"end":{"line":17,"column":25}},"17":{"start":{"line":18,"column":0},"end":{"line":18,"column":24}},"18":{"start":{"line":19,"column":0},"end":{"line":19,"column":2}},"20":{"start":{"line":21,"column":0},"end":{"line":21,"column":22}},"21":{"start":{"line":22,"column":0},"end":{"line":22,"column":24}},"22":{"start":{"line":23,"column":0},"end":{"line":23,"column":19}},"23":{"start":{"line":24,"column":0},"end":{"line":24,"column":21}},"24":{"start":{"line":25,"column":0},"end":{"line":25,"column":2}},"26":{"start":{"line":27,"column":0},"end":{"line":27,"column":100}},"27":{"start":{"line":28,"column":0},"end":{"line":28,"column":10}},"28":{"start":{"line":29,"column":0},"end":{"line":29,"column":55}},"29":{"start":{"line":30,"column":0},"end":{"line":30,"column":102}},"30":{"start":{"line":31,"column":0},"end":{"line":31,"column":34}},"31":{"start":{"line":32,"column":0},"end":{"line":32,"column":50}},"32":{"start":{"line":33,"column":0},"end":{"line":33,"column":56}},"33":{"start":{"line":34,"column":0},"end":{"line":34,"column":18}},"34":{"start":{"line":35,"column":0},"end":{"line":35,"column":19}},"35":{"start":{"line":36,"column":0},"end":{"line":36,"column":31}},"36":{"start":{"line":37,"column":0},"end":{"line":37,"column":51}},"37":{"start":{"line":38,"column":0},"end":{"line":38,"column":45}},"38":{"start":{"line":39,"column":0},"end":{"line":39,"column":109}},"39":{"start":{"line":40,"column":0},"end":{"line":40,"column":118}},"40":{"start":{"line":41,"column":0},"end":{"line":41,"column":28}},"41":{"start":{"line":42,"column":0},"end":{"line":42,"column":58}},"42":{"start":{"line":43,"column":0},"end":{"line":43,"column":40}},"43":{"start":{"line":44,"column":0},"end":{"line":44,"column":98}},"44":{"start":{"line":45,"column":0},"end":{"line":45,"column":108}},"45":{"start":{"line":46,"column":0},"end":{"line":46,"column":19}},"47":{"start":{"line":48,"column":0},"end":{"line":48,"column":90}},"48":{"start":{"line":49,"column":0},"end":{"line":49,"column":29}},"49":{"start":{"line":50,"column":0},"end":{"line":50,"column":86}},"50":{"start":{"line":51,"column":0},"end":{"line":51,"column":21}},"52":{"start":{"line":53,"column":0},"end":{"line":53,"column":11}},"53":{"start":{"line":54,"column":0},"end":{"line":54,"column":12}},"54":{"start":{"line":55,"column":0},"end":{"line":55,"column":10}},"56":{"start":{"line":57,"column":0},"end":{"line":57,"column":2}},"58":{"start":{"line":59,"column":0},"end":{"line":59,"column":32}}},"s":{"14":1,"15":1,"16":1,"17":1,"18":1,"20":1,"21":1,"22":1,"23":1,"24":1,"26":1,"27":49,"28":49,"29":49,"30":49,"31":49,"32":98,"33":98,"34":98,"35":98,"36":98,"37":98,"38":98,"39":98,"40":98,"41":49,"42":49,"43":23,"44":26,"45":98,"47":98,"48":98,"49":98,"50":98,"52":49,"53":49,"54":49,"56":49,"58":1},"branchMap":{"0":{"type":"branch","line":27,"loc":{"start":{"line":27,"column":58},"end":{"line":57,"column":2}},"locations":[{"start":{"line":27,"column":58},"end":{"line":57,"column":2}}]},"1":{"type":"branch","line":32,"loc":{"start":{"line":32,"column":23},"end":{"line":53,"column":9}},"locations":[{"start":{"line":32,"column":23},"end":{"line":53,"column":9}}]},"2":{"type":"branch","line":39,"loc":{"start":{"line":39,"column":32},"end":{"line":39,"column":80}},"locations":[{"start":{"line":39,"column":32},"end":{"line":39,"column":80}}]},"3":{"type":"branch","line":39,"loc":{"start":{"line":39,"column":60},"end":{"line":39,"column":109}},"locations":[{"start":{"line":39,"column":60},"end":{"line":39,"column":109}}]},"4":{"type":"branch","line":41,"loc":{"start":{"line":41,"column":18},"end":{"line":42,"column":58}},"locations":[{"start":{"line":41,"column":18},"end":{"line":42,"column":58}}]},"5":{"type":"branch","line":42,"loc":{"start":{"line":42,"column":20},"end":{"line":45,"column":108}},"locations":[{"start":{"line":42,"column":20},"end":{"line":45,"column":108}}]},"6":{"type":"branch","line":43,"loc":{"start":{"line":43,"column":31},"end":{"line":44,"column":98}},"locations":[{"start":{"line":43,"column":31},"end":{"line":44,"column":98}}]},"7":{"type":"branch","line":44,"loc":{"start":{"line":44,"column":22},"end":{"line":45,"column":108}},"locations":[{"start":{"line":44,"column":22},"end":{"line":45,"column":108}}]}},"b":{"0":[49],"1":[98],"2":[24],"3":[74],"4":[49],"5":[49],"6":[23],"7":[26]},"fnMap":{"0":{"name":"ProviderSelector","decl":{"start":{"line":27,"column":58},"end":{"line":57,"column":2}},"loc":{"start":{"line":27,"column":58},"end":{"line":57,"column":2}},"line":27},"1":{"name":"onClick","decl":{"start":{"line":37,"column":23},"end":{"line":37,"column":51}},"loc":{"start":{"line":37,"column":23},"end":{"line":37,"column":51}},"line":37}},"f":{"0":49,"1":0}}
,"C:\\y\\synergy-prompt-crafter\\components\\SettingsPanel.tsx": {"path":"C:\\y\\synergy-prompt-crafter\\components\\SettingsPanel.tsx","all":false,"statementMap":{"0":{"start":{"line":1,"column":0},"end":{"line":1,"column":64}},"1":{"start":{"line":2,"column":0},"end":{"line":2,"column":55}},"2":{"start":{"line":3,"column":0},"end":{"line":3,"column":58}},"3":{"start":{"line":4,"column":0},"end":{"line":4,"column":38}},"4":{"start":{"line":5,"column":0},"end":{"line":5,"column":46}},"33":{"start":{"line":34,"column":0},"end":{"line":34,"column":54}},"34":{"start":{"line":35,"column":0},"end":{"line":35,"column":22}},"35":{"start":{"line":36,"column":0},"end":{"line":36,"column":16}},"36":{"start":{"line":37,"column":0},"end":{"line":37,"column":22}},"37":{"start":{"line":38,"column":0},"end":{"line":38,"column":22}},"38":{"start":{"line":39,"column":0},"end":{"line":39,"column":10}},"39":{"start":{"line":40,"column":0},"end":{"line":40,"column":7}},"40":{"start":{"line":41,"column":0},"end":{"line":41,"column":53}},"41":{"start":{"line":42,"column":0},"end":{"line":42,"column":48}},"42":{"start":{"line":43,"column":0},"end":{"line":43,"column":68}},"44":{"start":{"line":45,"column":0},"end":{"line":45,"column":47}},"45":{"start":{"line":46,"column":0},"end":{"line":46,"column":21}},"46":{"start":{"line":47,"column":0},"end":{"line":47,"column":24}},"47":{"start":{"line":48,"column":0},"end":{"line":48,"column":36}},"48":{"start":{"line":49,"column":0},"end":{"line":49,"column":20}},"49":{"start":{"line":50,"column":0},"end":{"line":50,"column":28}},"50":{"start":{"line":51,"column":0},"end":{"line":51,"column":77}},"51":{"start":{"line":52,"column":0},"end":{"line":52,"column":53}},"52":{"start":{"line":53,"column":0},"end":{"line":53,"column":29}},"53":{"start":{"line":54,"column":0},"end":{"line":54,"column":5}},"54":{"start":{"line":55,"column":0},"end":{"line":55,"column":22}},"55":{"start":{"line":56,"column":0},"end":{"line":56,"column":43}},"57":{"start":{"line":58,"column":0},"end":{"line":58,"column":19}},"58":{"start":{"line":59,"column":0},"end":{"line":59,"column":18}},"60":{"start":{"line":61,"column":0},"end":{"line":61,"column":9}},"62":{"start":{"line":63,"column":0},"end":{"line":63,"column":72}},"63":{"start":{"line":64,"column":0},"end":{"line":64,"column":48}},"64":{"start":{"line":65,"column":0},"end":{"line":65,"column":4}},"66":{"start":{"line":67,"column":0},"end":{"line":67,"column":10}},"67":{"start":{"line":68,"column":0},"end":{"line":68,"column":8}},"68":{"start":{"line":69,"column":0},"end":{"line":69,"column":98}},"69":{"start":{"line":70,"column":0},"end":{"line":70,"column":19}},"70":{"start":{"line":71,"column":0},"end":{"line":71,"column":23}},"71":{"start":{"line":72,"column":0},"end":{"line":72,"column":27}},"72":{"start":{"line":73,"column":0},"end":{"line":73,"column":35}},"74":{"start":{"line":75,"column":0},"end":{"line":75,"column":117}},"76":{"start":{"line":77,"column":0},"end":{"line":77,"column":59}},"77":{"start":{"line":78,"column":0},"end":{"line":78,"column":74}},"78":{"start":{"line":79,"column":0},"end":{"line":79,"column":17}},"79":{"start":{"line":80,"column":0},"end":{"line":80,"column":29}},"80":{"start":{"line":81,"column":0},"end":{"line":81,"column":77}},"81":{"start":{"line":82,"column":0},"end":{"line":82,"column":39}},"83":{"start":{"line":84,"column":0},"end":{"line":84,"column":144}},"84":{"start":{"line":85,"column":0},"end":{"line":85,"column":92}},"85":{"start":{"line":86,"column":0},"end":{"line":86,"column":18}},"86":{"start":{"line":87,"column":0},"end":{"line":87,"column":19}},"87":{"start":{"line":88,"column":0},"end":{"line":88,"column":14}},"90":{"start":{"line":91,"column":0},"end":{"line":91,"column":13}},"91":{"start":{"line":92,"column":0},"end":{"line":92,"column":103}},"93":{"start":{"line":94,"column":0},"end":{"line":94,"column":18}},"94":{"start":{"line":95,"column":0},"end":{"line":95,"column":17}},"95":{"start":{"line":96,"column":0},"end":{"line":96,"column":34}},"96":{"start":{"line":97,"column":0},"end":{"line":97,"column":39}},"97":{"start":{"line":98,"column":0},"end":{"line":98,"column":65}},"98":{"start":{"line":99,"column":0},"end":{"line":99,"column":147}},"99":{"start":{"line":100,"column":0},"end":{"line":100,"column":44}},"101":{"start":{"line":102,"column":0},"end":{"line":102,"column":37}},"102":{"start":{"line":103,"column":0},"end":{"line":103,"column":52}},"103":{"start":{"line":104,"column":0},"end":{"line":104,"column":15}},"104":{"start":{"line":105,"column":0},"end":{"line":105,"column":19}},"105":{"start":{"line":106,"column":0},"end":{"line":106,"column":53}},"106":{"start":{"line":107,"column":0},"end":{"line":107,"column":89}},"107":{"start":{"line":108,"column":0},"end":{"line":108,"column":14}},"108":{"start":{"line":109,"column":0},"end":{"line":109,"column":14}},"110":{"start":{"line":111,"column":0},"end":{"line":111,"column":43}},"113":{"start":{"line":114,"column":0},"end":{"line":114,"column":13}},"114":{"start":{"line":115,"column":0},"end":{"line":115,"column":66}},"115":{"start":{"line":116,"column":0},"end":{"line":116,"column":94}},"117":{"start":{"line":118,"column":0},"end":{"line":118,"column":20}},"118":{"start":{"line":119,"column":0},"end":{"line":119,"column":19}},"119":{"start":{"line":120,"column":0},"end":{"line":120,"column":35}},"120":{"start":{"line":121,"column":0},"end":{"line":121,"column":32}},"121":{"start":{"line":122,"column":0},"end":{"line":122,"column":127}},"122":{"start":{"line":123,"column":0},"end":{"line":123,"column":40}},"124":{"start":{"line":125,"column":0},"end":{"line":125,"column":88}},"126":{"start":{"line":127,"column":0},"end":{"line":127,"column":21}},"127":{"start":{"line":128,"column":0},"end":{"line":128,"column":16}},"129":{"start":{"line":130,"column":0},"end":{"line":130,"column":45}},"130":{"start":{"line":131,"column":0},"end":{"line":131,"column":73}},"131":{"start":{"line":132,"column":0},"end":{"line":132,"column":47}},"132":{"start":{"line":133,"column":0},"end":{"line":133,"column":62}},"133":{"start":{"line":134,"column":0},"end":{"line":134,"column":18}},"134":{"start":{"line":135,"column":0},"end":{"line":135,"column":28}},"135":{"start":{"line":136,"column":0},"end":{"line":136,"column":66}},"136":{"start":{"line":137,"column":0},"end":{"line":137,"column":35}},"137":{"start":{"line":138,"column":0},"end":{"line":138,"column":19}},"138":{"start":{"line":139,"column":0},"end":{"line":139,"column":36}},"139":{"start":{"line":140,"column":0},"end":{"line":140,"column":41}},"140":{"start":{"line":141,"column":0},"end":{"line":141,"column":61}},"141":{"start":{"line":142,"column":0},"end":{"line":142,"column":149}},"143":{"start":{"line":144,"column":0},"end":{"line":144,"column":32}},"144":{"start":{"line":145,"column":0},"end":{"line":145,"column":54}},"145":{"start":{"line":146,"column":0},"end":{"line":146,"column":17}},"146":{"start":{"line":147,"column":0},"end":{"line":147,"column":21}},"147":{"start":{"line":148,"column":0},"end":{"line":148,"column":19}},"149":{"start":{"line":150,"column":0},"end":{"line":150,"column":75}},"150":{"start":{"line":151,"column":0},"end":{"line":151,"column":55}},"151":{"start":{"line":152,"column":0},"end":{"line":152,"column":91}},"152":{"start":{"line":153,"column":0},"end":{"line":153,"column":16}},"154":{"start":{"line":155,"column":0},"end":{"line":155,"column":14}},"155":{"start":{"line":156,"column":0},"end":{"line":156,"column":12}},"156":{"start":{"line":157,"column":0},"end":{"line":157,"column":10}},"158":{"start":{"line":159,"column":0},"end":{"line":159,"column":2}},"160":{"start":{"line":161,"column":0},"end":{"line":161,"column":29}}},"s":{"0":1,"1":1,"2":1,"3":1,"4":1,"33":1,"34":36,"35":36,"36":36,"37":36,"38":36,"39":36,"40":36,"41":36,"42":36,"44":36,"45":13,"46":13,"47":13,"48":12,"49":13,"50":1,"51":13,"52":1,"53":1,"54":12,"55":36,"57":36,"58":12,"60":36,"62":36,"63":3,"64":3,"66":36,"67":36,"68":36,"69":36,"70":36,"71":36,"72":36,"74":36,"76":36,"77":36,"78":36,"79":36,"80":36,"81":36,"83":36,"84":36,"85":36,"86":36,"87":36,"90":36,"91":36,"93":36,"94":36,"95":36,"96":36,"97":36,"98":36,"99":36,"101":36,"102":180,"103":36,"104":36,"105":36,"106":36,"107":36,"108":36,"110":36,"113":36,"114":36,"115":36,"117":36,"118":36,"119":36,"120":36,"121":36,"122":36,"124":36,"126":36,"127":36,"129":36,"130":12,"131":12,"132":12,"133":12,"134":24,"135":1,"136":23,"137":11,"138":11,"139":11,"140":11,"141":11,"143":11,"144":34,"145":11,"146":11,"147":12,"149":36,"150":10,"151":10,"152":10,"154":36,"155":36,"156":36,"158":36,"160":1},"branchMap":{"0":{"type":"branch","line":34,"loc":{"start":{"line":34,"column":52},"end":{"line":159,"column":2}},"locations":[{"start":{"line":34,"column":52},"end":{"line":159,"column":2}}]},"1":{"type":"branch","line":125,"loc":{"start":{"line":125,"column":53},"end":{"line":125,"column":80}},"locations":[{"start":{"line":125,"column":53},"end":{"line":125,"column":80}}]},"2":{"type":"branch","line":125,"loc":{"start":{"line":125,"column":63},"end":{"line":125,"column":82}},"locations":[{"start":{"line":125,"column":63},"end":{"line":125,"column":82}}]},"3":{"type":"branch","line":130,"loc":{"start":{"line":130,"column":11},"end":{"line":130,"column":45}},"locations":[{"start":{"line":130,"column":11},"end":{"line":130,"column":45}}]},"4":{"type":"branch","line":130,"loc":{"start":{"line":130,"column":40},"end":{"line":134,"column":18}},"locations":[{"start":{"line":130,"column":40},"end":{"line":134,"column":18}}]},"5":{"type":"branch","line":134,"loc":{"start":{"line":134,"column":12},"end":{"line":148,"column":19}},"locations":[{"start":{"line":134,"column":12},"end":{"line":148,"column":19}}]},"6":{"type":"branch","line":135,"loc":{"start":{"line":135,"column":14},"end":{"line":136,"column":66}},"locations":[{"start":{"line":135,"column":14},"end":{"line":136,"column":66}}]},"7":{"type":"branch","line":136,"loc":{"start":{"line":136,"column":62},"end":{"line":148,"column":19}},"locations":[{"start":{"line":136,"column":62},"end":{"line":148,"column":19}}]},"8":{"type":"branch","line":137,"loc":{"start":{"line":137,"column":30},"end":{"line":147,"column":21}},"locations":[{"start":{"line":137,"column":30},"end":{"line":147,"column":21}}]},"9":{"type":"branch","line":147,"loc":{"start":{"line":147,"column":12},"end":{"line":148,"column":19}},"locations":[{"start":{"line":147,"column":12},"end":{"line":148,"column":19}}]},"10":{"type":"branch","line":150,"loc":{"start":{"line":150,"column":69},"end":{"line":153,"column":16}},"locations":[{"start":{"line":150,"column":69},"end":{"line":153,"column":16}}]},"11":{"type":"branch","line":45,"loc":{"start":{"line":45,"column":34},"end":{"line":56,"column":5}},"locations":[{"start":{"line":45,"column":34},"end":{"line":56,"column":5}}]},"12":{"type":"branch","line":48,"loc":{"start":{"line":48,"column":34},"end":{"line":50,"column":27}},"locations":[{"start":{"line":48,"column":34},"end":{"line":50,"column":27}}]},"13":{"type":"branch","line":50,"loc":{"start":{"line":50,"column":27},"end":{"line":52,"column":15}},"locations":[{"start":{"line":50,"column":27},"end":{"line":52,"column":15}}]},"14":{"type":"branch","line":52,"loc":{"start":{"line":52,"column":4},"end":{"line":54,"column":5}},"locations":[{"start":{"line":52,"column":4},"end":{"line":54,"column":5}}]},"15":{"type":"branch","line":52,"loc":{"start":{"line":52,"column":52},"end":{"line":54,"column":5}},"locations":[{"start":{"line":52,"column":52},"end":{"line":54,"column":5}}]},"16":{"type":"branch","line":54,"loc":{"start":{"line":54,"column":4},"end":{"line":55,"column":22}},"locations":[{"start":{"line":54,"column":4},"end":{"line":55,"column":22}}]},"17":{"type":"branch","line":58,"loc":{"start":{"line":58,"column":12},"end":{"line":61,"column":5}},"locations":[{"start":{"line":58,"column":12},"end":{"line":61,"column":5}}]},"18":{"type":"branch","line":63,"loc":{"start":{"line":63,"column":30},"end":{"line":65,"column":4}},"locations":[{"start":{"line":63,"column":30},"end":{"line":65,"column":4}}]},"19":{"type":"branch","line":64,"loc":{"start":{"line":64,"column":38},"end":{"line":64,"column":48}},"locations":[{"start":{"line":64,"column":38},"end":{"line":64,"column":48}}]},"20":{"type":"branch","line":98,"loc":{"start":{"line":98,"column":22},"end":{"line":98,"column":65}},"locations":[{"start":{"line":98,"column":22},"end":{"line":98,"column":65}}]},"21":{"type":"branch","line":102,"loc":{"start":{"line":102,"column":31},"end":{"line":103,"column":52}},"locations":[{"start":{"line":102,"column":31},"end":{"line":103,"column":52}}]},"22":{"type":"branch","line":141,"loc":{"start":{"line":141,"column":24},"end":{"line":141,"column":61}},"locations":[{"start":{"line":141,"column":24},"end":{"line":141,"column":61}}]},"23":{"type":"branch","line":144,"loc":{"start":{"line":144,"column":26},"end":{"line":145,"column":54}},"locations":[{"start":{"line":144,"column":26},"end":{"line":145,"column":54}}]}},"b":{"0":[36],"1":[13],"2":[23],"3":[13],"4":[12],"5":[24],"6":[1],"7":[23],"8":[11],"9":[12],"10":[10],"11":[13],"12":[12],"13":[1],"14":[11],"15":[1],"16":[12],"17":[12],"18":[3],"19":[1],"20":[1],"21":[180],"22":[1],"23":[34]},"fnMap":{"0":{"name":"SettingsPanel","decl":{"start":{"line":34,"column":52},"end":{"line":159,"column":2}},"loc":{"start":{"line":34,"column":52},"end":{"line":159,"column":2}},"line":34},"1":{"name":"handleBackdropClick","decl":{"start":{"line":63,"column":30},"end":{"line":65,"column":4}},"loc":{"start":{"line":63,"column":30},"end":{"line":65,"column":4}},"line":63},"2":{"name":"onChange","decl":{"start":{"line":98,"column":22},"end":{"line":98,"column":65}},"loc":{"start":{"line":98,"column":22},"end":{"line":98,"column":65}},"line":98},"3":{"name":"onChange","decl":{"start":{"line":141,"column":24},"end":{"line":141,"column":61}},"loc":{"start":{"line":141,"column":24},"end":{"line":141,"column":61}},"line":141}},"f":{"0":36,"1":3,"2":1,"3":1}}
,"C:\\y\\synergy-prompt-crafter\\components\\StageProgressBar.tsx": {"path":"C:\\y\\synergy-prompt-crafter\\components\\StageProgressBar.tsx","all":false,"statementMap":{"9":{"start":{"line":10,"column":0},"end":{"line":10,"column":89}},"10":{"start":{"line":11,"column":0},"end":{"line":11,"column":68}},"12":{"start":{"line":13,"column":0},"end":{"line":13,"column":10}},"13":{"start":{"line":14,"column":0},"end":{"line":14,"column":31}},"14":{"start":{"line":15,"column":0},"end":{"line":15,"column":103}},"15":{"start":{"line":16,"column":0},"end":{"line":16,"column":39}},"16":{"start":{"line":17,"column":0},"end":{"line":17,"column":57}},"17":{"start":{"line":18,"column":0},"end":{"line":18,"column":57}},"18":{"start":{"line":19,"column":0},"end":{"line":19,"column":85}},"19":{"start":{"line":20,"column":0},"end":{"line":20,"column":59}},"20":{"start":{"line":21,"column":0},"end":{"line":21,"column":20}},"22":{"start":{"line":23,"column":0},"end":{"line":23,"column":96}},"23":{"start":{"line":24,"column":0},"end":{"line":24,"column":85}},"24":{"start":{"line":25,"column":0},"end":{"line":25,"column":58}},"25":{"start":{"line":26,"column":0},"end":{"line":26,"column":60}},"26":{"start":{"line":27,"column":0},"end":{"line":27,"column":20}},"28":{"start":{"line":29,"column":0},"end":{"line":29,"column":56}},"29":{"start":{"line":30,"column":0},"end":{"line":30,"column":85}},"30":{"start":{"line":31,"column":0},"end":{"line":31,"column":61}},"31":{"start":{"line":32,"column":0},"end":{"line":32,"column":20}},"33":{"start":{"line":34,"column":0},"end":{"line":34,"column":16}},"34":{"start":{"line":35,"column":0},"end":{"line":35,"column":135}},"35":{"start":{"line":36,"column":0},"end":{"line":36,"column":87}},"36":{"start":{"line":37,"column":0},"end":{"line":37,"column":100}},"37":{"start":{"line":38,"column":0},"end":{"line":38,"column":125}},"40":{"start":{"line":41,"column":0},"end":{"line":41,"column":38}},"41":{"start":{"line":42,"column":0},"end":{"line":42,"column":125}},"42":{"start":{"line":43,"column":0},"end":{"line":43,"column":209}},"43":{"start":{"line":44,"column":0},"end":{"line":44,"column":22}},"45":{"start":{"line":46,"column":0},"end":{"line":46,"column":40}},"47":{"start":{"line":48,"column":0},"end":{"line":48,"column":59}},"48":{"start":{"line":49,"column":0},"end":{"line":49,"column":18}},"49":{"start":{"line":50,"column":0},"end":{"line":50,"column":96}},"50":{"start":{"line":51,"column":0},"end":{"line":51,"column":76}},"51":{"start":{"line":52,"column":0},"end":{"line":52,"column":75}},"54":{"start":{"line":55,"column":0},"end":{"line":55,"column":26}},"55":{"start":{"line":56,"column":0},"end":{"line":56,"column":16}},"56":{"start":{"line":57,"column":0},"end":{"line":57,"column":15}},"57":{"start":{"line":58,"column":0},"end":{"line":58,"column":11}},"58":{"start":{"line":59,"column":0},"end":{"line":59,"column":11}},"59":{"start":{"line":60,"column":0},"end":{"line":60,"column":10}},"61":{"start":{"line":62,"column":0},"end":{"line":62,"column":2}},"63":{"start":{"line":64,"column":0},"end":{"line":64,"column":32}}},"s":{"9":1,"10":49,"12":49,"13":49,"14":49,"15":49,"16":245,"17":245,"18":32,"19":32,"20":32,"22":245,"23":48,"24":48,"25":48,"26":48,"28":245,"29":164,"30":164,"31":164,"33":245,"34":245,"35":245,"36":245,"37":245,"40":245,"41":32,"42":32,"43":32,"45":213,"47":245,"48":245,"49":245,"50":245,"51":245,"54":245,"55":245,"56":245,"57":49,"58":49,"59":49,"61":49,"63":1},"branchMap":{"0":{"type":"branch","line":10,"loc":{"start":{"line":10,"column":58},"end":{"line":62,"column":2}},"locations":[{"start":{"line":10,"column":58},"end":{"line":62,"column":2}}]},"1":{"type":"branch","line":11,"loc":{"start":{"line":11,"column":40},"end":{"line":11,"column":66}},"locations":[{"start":{"line":11,"column":40},"end":{"line":11,"column":66}}]},"2":{"type":"branch","line":16,"loc":{"start":{"line":16,"column":20},"end":{"line":57,"column":15}},"locations":[{"start":{"line":16,"column":20},"end":{"line":57,"column":15}}]},"3":{"type":"branch","line":18,"loc":{"start":{"line":18,"column":21},"end":{"line":21,"column":20}},"locations":[{"start":{"line":18,"column":21},"end":{"line":21,"column":20}}]},"4":{"type":"branch","line":23,"loc":{"start":{"line":23,"column":24},"end":{"line":23,"column":96}},"locations":[{"start":{"line":23,"column":24},"end":{"line":23,"column":96}}]},"5":{"type":"branch","line":23,"loc":{"start":{"line":23,"column":63},"end":{"line":27,"column":20}},"locations":[{"start":{"line":23,"column":63},"end":{"line":27,"column":20}}]},"6":{"type":"branch","line":29,"loc":{"start":{"line":29,"column":21},"end":{"line":32,"column":20}},"locations":[{"start":{"line":29,"column":21},"end":{"line":32,"column":20}}]},"7":{"type":"branch","line":36,"loc":{"start":{"line":36,"column":26},"end":{"line":36,"column":84}},"locations":[{"start":{"line":36,"column":26},"end":{"line":36,"column":84}}]},"8":{"type":"branch","line":36,"loc":{"start":{"line":36,"column":41},"end":{"line":36,"column":86}},"locations":[{"start":{"line":36,"column":41},"end":{"line":36,"column":86}}]},"9":{"type":"branch","line":37,"loc":{"start":{"line":37,"column":28},"end":{"line":37,"column":97}},"locations":[{"start":{"line":37,"column":28},"end":{"line":37,"column":97}}]},"10":{"type":"branch","line":37,"loc":{"start":{"line":37,"column":43},"end":{"line":37,"column":99}},"locations":[{"start":{"line":37,"column":43},"end":{"line":37,"column":99}}]},"11":{"type":"branch","line":38,"loc":{"start":{"line":38,"column":26},"end":{"line":38,"column":122}},"locations":[{"start":{"line":38,"column":26},"end":{"line":38,"column":122}}]},"12":{"type":"branch","line":38,"loc":{"start":{"line":38,"column":41},"end":{"line":38,"column":124}},"locations":[{"start":{"line":38,"column":41},"end":{"line":38,"column":124}}]},"13":{"type":"branch","line":41,"loc":{"start":{"line":41,"column":22},"end":{"line":44,"column":22}},"locations":[{"start":{"line":41,"column":22},"end":{"line":44,"column":22}}]},"14":{"type":"branch","line":44,"loc":{"start":{"line":44,"column":16},"end":{"line":46,"column":40}},"locations":[{"start":{"line":44,"column":16},"end":{"line":46,"column":40}}]},"15":{"type":"branch","line":51,"loc":{"start":{"line":51,"column":25},"end":{"line":51,"column":59}},"locations":[{"start":{"line":51,"column":25},"end":{"line":51,"column":59}}]},"16":{"type":"branch","line":51,"loc":{"start":{"line":51,"column":40},"end":{"line":51,"column":75}},"locations":[{"start":{"line":51,"column":40},"end":{"line":51,"column":75}}]},"17":{"type":"branch","line":52,"loc":{"start":{"line":52,"column":26},"end":{"line":52,"column":72}},"locations":[{"start":{"line":52,"column":26},"end":{"line":52,"column":72}}]},"18":{"type":"branch","line":52,"loc":{"start":{"line":52,"column":41},"end":{"line":52,"column":74}},"locations":[{"start":{"line":52,"column":41},"end":{"line":52,"column":74}}]}},"b":{"0":[49],"1":[81],"2":[245],"3":[32],"4":[49],"5":[48],"6":[164],"7":[32],"8":[213],"9":[49],"10":[196],"11":[164],"12":[81],"13":[32],"14":[213],"15":[81],"16":[164],"17":[49],"18":[196]},"fnMap":{"0":{"name":"StageProgressBar","decl":{"start":{"line":10,"column":58},"end":{"line":62,"column":2}},"loc":{"start":{"line":10,"column":58},"end":{"line":62,"column":2}},"line":10}},"f":{"0":49}}
,"C:\\y\\synergy-prompt-crafter\\components\\Toast.tsx": {"path":"C:\\y\\synergy-prompt-crafter\\components\\Toast.tsx","all":false,"statementMap":{"0":{"start":{"line":1,"column":0},"end":{"line":1,"column":91}},"12":{"start":{"line":13,"column":0},"end":{"line":13,"column":67}},"14":{"start":{"line":15,"column":0},"end":{"line":15,"column":50}},"15":{"start":{"line":16,"column":0},"end":{"line":16,"column":43}},"16":{"start":{"line":17,"column":0},"end":{"line":17,"column":78}},"17":{"start":{"line":18,"column":0},"end":{"line":18,"column":17}},"18":{"start":{"line":19,"column":0},"end":{"line":19,"column":2}},"20":{"start":{"line":21,"column":0},"end":{"line":21,"column":104}},"21":{"start":{"line":22,"column":0},"end":{"line":22,"column":19}},"22":{"start":{"line":23,"column":0},"end":{"line":23,"column":61}},"23":{"start":{"line":24,"column":0},"end":{"line":24,"column":37}},"24":{"start":{"line":25,"column":0},"end":{"line":25,"column":27}},"26":{"start":{"line":27,"column":0},"end":{"line":27,"column":51}},"27":{"start":{"line":28,"column":0},"end":{"line":28,"column":28}},"28":{"start":{"line":29,"column":0},"end":{"line":29,"column":24}},"29":{"start":{"line":30,"column":0},"end":{"line":30,"column":23}},"30":{"start":{"line":31,"column":0},"end":{"line":31,"column":28}},"31":{"start":{"line":32,"column":0},"end":{"line":32,"column":4}},"33":{"start":{"line":34,"column":0},"end":{"line":34,"column":10}},"34":{"start":{"line":35,"column":0},"end":{"line":35,"column":8}},"35":{"start":{"line":36,"column":0},"end":{"line":36,"column":129}},"36":{"start":{"line":37,"column":0},"end":{"line":37,"column":18}},"38":{"start":{"line":39,"column":0},"end":{"line":39,"column":55}},"39":{"start":{"line":40,"column":0},"end":{"line":40,"column":13}},"40":{"start":{"line":41,"column":0},"end":{"line":41,"column":42}},"41":{"start":{"line":42,"column":0},"end":{"line":42,"column":64}},"42":{"start":{"line":43,"column":0},"end":{"line":43,"column":28}},"43":{"start":{"line":44,"column":0},"end":{"line":44,"column":7}},"45":{"start":{"line":46,"column":0},"end":{"line":46,"column":15}},"46":{"start":{"line":47,"column":0},"end":{"line":47,"column":10}},"48":{"start":{"line":49,"column":0},"end":{"line":49,"column":2}},"50":{"start":{"line":51,"column":0},"end":{"line":51,"column":89}},"51":{"start":{"line":52,"column":0},"end":{"line":52,"column":52}},"53":{"start":{"line":54,"column":0},"end":{"line":54,"column":84}},"54":{"start":{"line":55,"column":0},"end":{"line":55,"column":83}},"55":{"start":{"line":56,"column":0},"end":{"line":56,"column":56}},"56":{"start":{"line":57,"column":0},"end":{"line":57,"column":9}},"58":{"start":{"line":59,"column":0},"end":{"line":59,"column":51}},"59":{"start":{"line":60,"column":0},"end":{"line":60,"column":53}},"60":{"start":{"line":61,"column":0},"end":{"line":61,"column":9}},"62":{"start":{"line":63,"column":0},"end":{"line":63,"column":10}},"63":{"start":{"line":64,"column":0},"end":{"line":64,"column":49}},"64":{"start":{"line":65,"column":0},"end":{"line":65,"column":16}},"65":{"start":{"line":66,"column":0},"end":{"line":66,"column":95}},"66":{"start":{"line":67,"column":0},"end":{"line":67,"column":30}},"67":{"start":{"line":68,"column":0},"end":{"line":68,"column":75}},"68":{"start":{"line":69,"column":0},"end":{"line":69,"column":11}},"69":{"start":{"line":70,"column":0},"end":{"line":70,"column":12}},"70":{"start":{"line":71,"column":0},"end":{"line":71,"column":28}},"72":{"start":{"line":73,"column":0},"end":{"line":73,"column":2}}},"s":{"0":1,"12":1,"14":1,"15":49,"16":49,"17":49,"18":49,"20":1,"21":0,"22":0,"23":0,"24":0,"26":0,"27":0,"28":0,"29":0,"30":0,"31":0,"33":0,"34":0,"35":0,"36":0,"38":0,"39":0,"40":0,"41":0,"42":0,"43":0,"45":0,"46":0,"48":0,"50":1,"51":12,"53":12,"54":0,"55":0,"56":12,"58":12,"59":0,"60":12,"62":12,"63":12,"64":12,"65":12,"66":12,"67":0,"68":12,"69":12,"70":12,"72":12},"branchMap":{"0":{"type":"branch","line":15,"loc":{"start":{"line":15,"column":24},"end":{"line":19,"column":2}},"locations":[{"start":{"line":15,"column":24},"end":{"line":19,"column":2}}]},"1":{"type":"branch","line":17,"loc":{"start":{"line":17,"column":16},"end":{"line":17,"column":78}},"locations":[{"start":{"line":17,"column":16},"end":{"line":17,"column":78}}]},"2":{"type":"branch","line":51,"loc":{"start":{"line":51,"column":70},"end":{"line":73,"column":2}},"locations":[{"start":{"line":51,"column":70},"end":{"line":73,"column":2}}]}},"b":{"0":[49],"1":[0],"2":[12]},"fnMap":{"0":{"name":"useToast","decl":{"start":{"line":15,"column":24},"end":{"line":19,"column":2}},"loc":{"start":{"line":15,"column":24},"end":{"line":19,"column":2}},"line":15},"1":{"name":"ToastItem","decl":{"start":{"line":21,"column":78},"end":{"line":49,"column":2}},"loc":{"start":{"line":21,"column":78},"end":{"line":49,"column":2}},"line":21},"2":{"name":"ToastProvider","decl":{"start":{"line":51,"column":70},"end":{"line":73,"column":2}},"loc":{"start":{"line":51,"column":70},"end":{"line":73,"column":2}},"line":51}},"f":{"0":49,"1":0,"2":12}}
[...]
,"C:\\y\\synergy-prompt-crafter\\services\\jsonParser.ts": {"path":"C:\\y\\synergy-prompt-crafter\\services\\jsonParser.ts","all":false,"statementMap":{"8":{"start":{"line":9,"column":0},"end":{"line":9,"column":66}},"9":{"start":{"line":10,"column":0},"end":{"line":10,"column":28}},"10":{"start":{"line":11,"column":0},"end":{"line":11,"column":56}},"11":{"start":{"line":12,"column":0},"end":{"line":12,"column":42}},"12":{"start":{"line":13,"column":0},"end":{"line":13,"column":26}},"13":{"start":{"line":14,"column":0},"end":{"line":14,"column":30}},"14":{"start":{"line":15,"column":0},"end":{"line":15,"column":3}},"16":{"start":{"line":17,"column":0},"end":{"line":17,"column":68}},"17":{"start":{"line":18,"column":0},"end":{"line":18,"column":23}},"18":{"start":{"line":19,"column":0},"end":{"line":19,"column":32}},"19":{"start":{"line":20,"column":0},"end":{"line":20,"column":3}},"20":{"start":{"line":21,"column":0},"end":{"line":21,"column":7}},"21":{"start":{"line":22,"column":0},"end":{"line":22,"column":36}},"22":{"start":{"line":23,"column":0},"end":{"line":23,"column":11}},"23":{"start":{"line":24,"column":0},"end":{"line":24,"column":9}},"24":{"start":{"line":25,"column":0},"end":{"line":25,"column":42}},"25":{"start":{"line":26,"column":0},"end":{"line":26,"column":13}},"26":{"start":{"line":27,"column":0},"end":{"line":27,"column":18}},"27":{"start":{"line":28,"column":0},"end":{"line":28,"column":5}},"28":{"start":{"line":29,"column":0},"end":{"line":29,"column":3}},"29":{"start":{"line":30,"column":0},"end":{"line":30,"column":2}}},"s":{"8":1,"9":22,"10":22,"11":22,"12":22,"13":4,"14":4,"16":22,"17":22,"18":16,"19":16,"20":22,"21":22,"22":22,"23":7,"24":7,"25":7,"26":7,"27":7,"28":7,"29":22},"branchMap":{"0":{"type":"branch","line":9,"loc":{"start":{"line":9,"column":33},"end":{"line":30,"column":2}},"locations":[{"start":{"line":9,"column":33},"end":{"line":30,"column":2}}]},"1":{"type":"branch","line":13,"loc":{"start":{"line":13,"column":6},"end":{"line":13,"column":25}},"locations":[{"start":{"line":13,"column":6},"end":{"line":13,"column":25}}]},"2":{"type":"branch","line":13,"loc":{"start":{"line":13,"column":25},"end":{"line":15,"column":3}},"locations":[{"start":{"line":13,"column":25},"end":{"line":15,"column":3}}]},"3":{"type":"branch","line":18,"loc":{"start":{"line":18,"column":22},"end":{"line":20,"column":3}},"locations":[{"start":{"line":18,"column":22},"end":{"line":20,"column":3}}]},"4":{"type":"branch","line":23,"loc":{"start":{"line":23,"column":2},"end":{"line":29,"column":3}},"locations":[{"start":{"line":23,"column":2},"end":{"line":29,"column":3}}]}},"b":{"0":[22],"1":[4],"2":[4],"3":[16],"4":[7]},"fnMap":{"0":{"name":"parseJsonFromText","decl":{"start":{"line":9,"column":33},"end":{"line":30,"column":2}},"loc":{"start":{"line":9,"column":33},"end":{"line":30,"column":2}},"line":9}},"f":{"0":22}}
,"C:\\y\\synergy-prompt-crafter\\services\\ollamaService.ts": {"path":"C:\\y\\synergy-prompt-crafter\\services\\ollamaService.ts","all":false,"statementMap":{"2":{"start":{"line":3,"column":0},"end":{"line":3,"column":49}},"3":{"start":{"line":4,"column":0},"end":{"line":4,"column":38}},"5":{"start":{"line":6,"column":0},"end":{"line":6,"column":52}},"6":{"start":{"line":7,"column":0},"end":{"line":7,"column":31}},"9":{"start":{"line":10,"column":0},"end":{"line":10,"column":54}},"15":{"start":{"line":16,"column":0},"end":{"line":16,"column":34}},"16":{"start":{"line":17,"column":0},"end":{"line":17,"column":68}},"22":{"start":{"line":23,"column":0},"end":{"line":23,"column":30}},"23":{"start":{"line":24,"column":0},"end":{"line":24,"column":51}},"24":{"start":{"line":25,"column":0},"end":{"line":25,"column":50}},"25":{"start":{"line":26,"column":0},"end":{"line":26,"column":16}},"31":{"start":{"line":32,"column":0},"end":{"line":32,"column":58}},"32":{"start":{"line":33,"column":0},"end":{"line":33,"column":7}},"33":{"start":{"line":34,"column":0},"end":{"line":34,"column":64}},"34":{"start":{"line":35,"column":0},"end":{"line":35,"column":40}},"35":{"start":{"line":36,"column":0},"end":{"line":36,"column":7}},"36":{"start":{"line":37,"column":0},"end":{"line":37,"column":32}},"37":{"start":{"line":38,"column":0},"end":{"line":38,"column":73}},"38":{"start":{"line":39,"column":0},"end":{"line":39,"column":68}},"39":{"start":{"line":40,"column":0},"end":{"line":40,"column":11}},"40":{"start":{"line":41,"column":0},"end":{"line":41,"column":14}},"41":{"start":{"line":42,"column":0},"end":{"line":42,"column":3}},"42":{"start":{"line":43,"column":0},"end":{"line":43,"column":2}},"45":{"start":{"line":46,"column":0},"end":{"line":46,"column":49}},"54":{"start":{"line":55,"column":0},"end":{"line":55,"column":109}},"55":{"start":{"line":56,"column":0},"end":{"line":56,"column":47}},"56":{"start":{"line":57,"column":0},"end":{"line":57,"column":27}},"58":{"start":{"line":59,"column":0},"end":{"line":59,"column":43}},"59":{"start":{"line":60,"column":0},"end":{"line":60,"column":66}},"61":{"start":{"line":62,"column":0},"end":{"line":62,"column":7}},"62":{"start":{"line":63,"column":0},"end":{"line":63,"column":39}},"63":{"start":{"line":64,"column":0},"end":{"line":64,"column":21}},"64":{"start":{"line":65,"column":0},"end":{"line":65,"column":54}},"65":{"start":{"line":66,"column":0},"end":{"line":66,"column":73}},"66":{"start":{"line":67,"column":0},"end":{"line":67,"column":32}},"67":{"start":{"line":68,"column":0},"end":{"line":68,"column":7}},"69":{"start":{"line":70,"column":0},"end":{"line":70,"column":23}},"70":{"start":{"line":71,"column":0},"end":{"line":71,"column":64}},"71":{"start":{"line":72,"column":0},"end":{"line":72,"column":105}},"72":{"start":{"line":73,"column":0},"end":{"line":73,"column":5}},"74":{"start":{"line":75,"column":0},"end":{"line":75,"column":63}},"75":{"start":{"line":76,"column":0},"end":{"line":76,"column":25}},"76":{"start":{"line":77,"column":0},"end":{"line":77,"column":13}},"77":{"start":{"line":78,"column":0},"end":{"line":78,"column":28}},"78":{"start":{"line":79,"column":0},"end":{"line":79,"column":3}},"79":{"start":{"line":80,"column":0},"end":{"line":80,"column":2}},"93":{"start":{"line":94,"column":0},"end":{"line":94,"column":43}},"94":{"start":{"line":95,"column":0},"end":{"line":95,"column":25}},"95":{"start":{"line":96,"column":0},"end":{"line":96,"column":15}},"98":{"start":{"line":99,"column":0},"end":{"line":99,"column":48}},"99":{"start":{"line":100,"column":0},"end":{"line":100,"column":9}},"100":{"start":{"line":101,"column":0},"end":{"line":101,"column":104}},"101":{"start":{"line":102,"column":0},"end":{"line":102,"column":24}},"102":{"start":{"line":103,"column":0},"end":{"line":103,"column":36}},"103":{"start":{"line":104,"column":0},"end":{"line":104,"column":7}},"104":{"start":{"line":105,"column":0},"end":{"line":105,"column":74}},"105":{"start":{"line":106,"column":0},"end":{"line":106,"column":13}},"106":{"start":{"line":107,"column":0},"end":{"line":107,"column":93}},"107":{"start":{"line":108,"column":0},"end":{"line":108,"column":5}},"108":{"start":{"line":109,"column":0},"end":{"line":109,"column":4}},"110":{"start":{"line":111,"column":0},"end":{"line":111,"column":89}},"111":{"start":{"line":112,"column":0},"end":{"line":112,"column":72}},"112":{"start":{"line":113,"column":0},"end":{"line":113,"column":186}},"116":{"start":{"line":117,"column":0},"end":{"line":117,"column":30}},"119":{"start":{"line":120,"column":0},"end":{"line":120,"column":17}},"128":{"start":{"line":129,"column":0},"end":{"line":129,"column":92}},"129":{"start":{"line":130,"column":0},"end":{"line":130,"column":65}},"130":{"start":{"line":131,"column":0},"end":{"line":131,"column":84}},"131":{"start":{"line":132,"column":0},"end":{"line":132,"column":20}},"132":{"start":{"line":133,"column":0},"end":{"line":133,"column":4}},"134":{"start":{"line":135,"column":0},"end":{"line":135,"column":124}},"135":{"start":{"line":136,"column":0},"end":{"line":136,"column":215}},"141":{"start":{"line":142,"column":0},"end":{"line":142,"column":23}},"144":{"start":{"line":145,"column":0},"end":{"line":145,"column":92}},"145":{"start":{"line":146,"column":0},"end":{"line":146,"column":65}},"146":{"start":{"line":147,"column":0},"end":{"line":147,"column":59}},"147":{"start":{"line":148,"column":0},"end":{"line":148,"column":39}},"148":{"start":{"line":149,"column":0},"end":{"line":149,"column":17}},"149":{"start":{"line":150,"column":0},"end":{"line":150,"column":33}},"150":{"start":{"line":151,"column":0},"end":{"line":151,"column":8}},"151":{"start":{"line":152,"column":0},"end":{"line":152,"column":4}},"153":{"start":{"line":154,"column":0},"end":{"line":154,"column":87}},"154":{"start":{"line":155,"column":0},"end":{"line":155,"column":90}},"161":{"start":{"line":162,"column":0},"end":{"line":162,"column":23}},"164":{"start":{"line":165,"column":0},"end":{"line":165,"column":92}},"165":{"start":{"line":166,"column":0},"end":{"line":166,"column":105}},"166":{"start":{"line":167,"column":0},"end":{"line":167,"column":55}},"167":{"start":{"line":168,"column":0},"end":{"line":168,"column":39}},"168":{"start":{"line":169,"column":0},"end":{"line":169,"column":36}},"169":{"start":{"line":170,"column":0},"end":{"line":170,"column":35}},"170":{"start":{"line":171,"column":0},"end":{"line":171,"column":35}},"171":{"start":{"line":172,"column":0},"end":{"line":172,"column":8}},"172":{"start":{"line":173,"column":0},"end":{"line":173,"column":4}},"174":{"start":{"line":175,"column":0},"end":{"line":175,"column":37}},"175":{"start":{"line":176,"column":0},"end":{"line":176,"column":27}},"176":{"start":{"line":177,"column":0},"end":{"line":177,"column":34}},"177":{"start":{"line":178,"column":0},"end":{"line":178,"column":20}},"178":{"start":{"line":179,"column":0},"end":{"line":179,"column":25}},"179":{"start":{"line":180,"column":0},"end":{"line":180,"column":61}},"180":{"start":{"line":181,"column":0},"end":{"line":181,"column":60}},"181":{"start":{"line":182,"column":0},"end":{"line":182,"column":94}},"182":{"start":{"line":183,"column":0},"end":{"line":183,"column":40}},"183":{"start":{"line":184,"column":0},"end":{"line":184,"column":34}},"184":{"start":{"line":185,"column":0},"end":{"line":185,"column":66}},"185":{"start":{"line":186,"column":0},"end":{"line":186,"column":42}},"186":{"start":{"line":187,"column":0},"end":{"line":187,"column":34}},"187":{"start":{"line":188,"column":0},"end":{"line":188,"column":38}},"188":{"start":{"line":189,"column":0},"end":{"line":189,"column":78}},"190":{"start":{"line":191,"column":0},"end":{"line":191,"column":420}},"193":{"start":{"line":194,"column":0},"end":{"line":194,"column":18}},"196":{"start":{"line":197,"column":0},"end":{"line":197,"column":87}},"197":{"start":{"line":198,"column":0},"end":{"line":198,"column":4}},"199":{"start":{"line":200,"column":0},"end":{"line":200,"column":71}},"200":{"start":{"line":201,"column":0},"end":{"line":201,"column":57}},"201":{"start":{"line":202,"column":0},"end":{"line":202,"column":4}},"202":{"start":{"line":203,"column":0},"end":{"line":203,"column":2}}},"s":{"2":1,"3":1,"5":1,"6":1,"9":1,"15":1,"16":14,"22":1,"23":6,"24":5,"25":0,"31":1,"32":5,"33":5,"34":5,"35":5,"36":5,"37":3,"38":5,"39":5,"40":1,"41":1,"42":5,"45":1,"54":1,"55":6,"56":6,"58":6,"59":6,"61":6,"62":6,"63":6,"64":6,"65":6,"66":6,"67":6,"69":6,"70":1,"71":1,"72":1,"74":5,"75":5,"76":6,"77":6,"78":6,"79":6,"93":1,"94":1,"95":1,"98":1,"99":3,"100":3,"101":3,"102":1,"103":1,"104":1,"105":1,"106":1,"107":1,"108":3,"110":1,"111":6,"112":6,"116":6,"119":6,"128":6,"129":5,"130":6,"131":4,"132":6,"134":1,"135":0,"141":0,"144":0,"145":0,"146":0,"147":0,"148":0,"149":0,"150":0,"151":0,"153":1,"154":0,"161":0,"164":0,"165":0,"166":0,"167":0,"168":0,"169":0,"170":0,"171":0,"172":0,"174":1,"175":0,"176":0,"177":0,"178":0,"179":0,"180":0,"181":0,"182":0,"183":0,"184":0,"185":0,"186":0,"187":0,"188":0,"190":0,"193":0,"196":0,"197":0,"199":1,"200":0,"201":0,"202":1},"branchMap":{"0":{"type":"branch","line":16,"loc":{"start":{"line":16,"column":21},"end":{"line":17,"column":68}},"locations":[{"start":{"line":16,"column":21},"end":{"line":17,"column":68}}]},"1":{"type":"branch","line":17,"loc":{"start":{"line":17,"column":19},"end":{"line":17,"column":68}},"locations":[{"start":{"line":17,"column":19},"end":{"line":17,"column":68}}]},"2":{"type":"branch","line":23,"loc":{"start":{"line":23,"column":17},"end":{"line":26,"column":16}},"locations":[{"start":{"line":23,"column":17},"end":{"line":26,"column":16}}]},"3":{"type":"branch","line":24,"loc":{"start":{"line":24,"column":47},"end":{"line":25,"column":50}},"locations":[{"start":{"line":24,"column":47},"end":{"line":25,"column":50}}]},"4":{"type":"branch","line":25,"loc":{"start":{"line":25,"column":19},"end":{"line":26,"column":16}},"locations":[{"start":{"line":25,"column":19},"end":{"line":26,"column":16}}]},"5":{"type":"branch","line":32,"loc":{"start":{"line":32,"column":26},"end":{"line":43,"column":2}},"locations":[{"start":{"line":32,"column":26},"end":{"line":43,"column":2}}]},"6":{"type":"branch","line":36,"loc":{"start":{"line":36,"column":5},"end":{"line":37,"column":29}},"locations":[{"start":{"line":36,"column":5},"end":{"line":37,"column":29}}]},"7":{"type":"branch","line":37,"loc":{"start":{"line":37,"column":22},"end":{"line":37,"column":32}},"locations":[{"start":{"line":37,"column":22},"end":{"line":37,"column":32}}]},"8":{"type":"branch","line":37,"loc":{"start":{"line":37,"column":30},"end":{"line":39,"column":27}},"locations":[{"start":{"line":37,"column":30},"end":{"line":39,"column":27}}]},"9":{"type":"branch","line":39,"loc":{"start":{"line":39,"column":17},"end":{"line":39,"column":31}},"locations":[{"start":{"line":39,"column":17},"end":{"line":39,"column":31}}]},"10":{"type":"branch","line":40,"loc":{"start":{"line":40,"column":2},"end":{"line":42,"column":3}},"locations":[{"start":{"line":40,"column":2},"end":{"line":42,"column":3}}]},"11":{"type":"branch","line":39,"loc":{"start":{"line":39,"column":35},"end":{"line":39,"column":66}},"locations":[{"start":{"line":39,"column":35},"end":{"line":39,"column":66}}]},"12":{"type":"branch","line":55,"loc":{"start":{"line":55,"column":26},"end":{"line":80,"column":2}},"locations":[{"start":{"line":55,"column":26},"end":{"line":80,"column":2}}]},"13":{"type":"branch","line":70,"loc":{"start":{"line":70,"column":22},"end":{"line":73,"column":5}},"locations":[{"start":{"line":70,"column":22},"end":{"line":73,"column":5}}]},"14":{"type":"branch","line":72,"loc":{"start":{"line":72,"column":56},"end":{"line":72,"column":103}},"locations":[{"start":{"line":72,"column":56},"end":{"line":72,"column":103}}]},"15":{"type":"branch","line":73,"loc":{"start":{"line":73,"column":4},"end":{"line":77,"column":4}},"locations":[{"start":{"line":73,"column":4},"end":{"line":77,"column":4}}]},"16":{"type":"branch","line":99,"loc":{"start":{"line":99,"column":10},"end":{"line":109,"column":4}},"locations":[{"start":{"line":99,"column":10},"end":{"line":109,"column":4}}]},"17":{"type":"branch","line":101,"loc":{"start":{"line":101,"column":102},"end":{"line":102,"column":23}},"locations":[{"start":{"line":101,"column":102},"end":{"line":102,"column":23}}]},"18":{"type":"branch","line":102,"loc":{"start":{"line":102,"column":23},"end":{"line":108,"column":5}},"locations":[{"start":{"line":102,"column":23},"end":{"line":108,"column":5}}]},"19":{"type":"branch","line":111,"loc":{"start":{"line":111,"column":20},"end":{"line":133,"column":4}},"locations":[{"start":{"line":111,"column":20},"end":{"line":133,"column":4}}]},"20":{"type":"branch","line":129,"loc":{"start":{"line":129,"column":90},"end":{"line":131,"column":25}},"locations":[{"start":{"line":129,"column":90},"end":{"line":131,"column":25}}]},"21":{"type":"branch","line":131,"loc":{"start":{"line":131,"column":19},"end":{"line":131,"column":84}},"locations":[{"start":{"line":131,"column":19},"end":{"line":131,"column":84}}]},"22":{"type":"branch","line":131,"loc":{"start":{"line":131,"column":82},"end":{"line":132,"column":20}},"locations":[{"start":{"line":131,"column":82},"end":{"line":132,"column":20}}]},"23":{"type":"branch","line":112,"loc":{"start":{"line":112,"column":43},"end":{"line":112,"column":59}},"locations":[{"start":{"line":112,"column":43},"end":{"line":112,"column":59}}]}},"b":{"0":[14],"1":[0],"2":[6],"3":[5],"4":[0],"5":[5],"6":[4],"7":[1],"8":[3],"9":[1],"10":[1],"11":[3],"12":[6],"13":[1],"14":[0],"15":[5],"16":[3],"17":[2],"18":[1],"19":[6],"20":[5],"21":[1],"22":[4],"23":[8]},"fnMap":{"0":{"name":"getOllamaUrl","decl":{"start":{"line":16,"column":21},"end":{"line":17,"column":68}},"loc":{"start":{"line":16,"column":21},"end":{"line":17,"column":68}},"line":16},"1":{"name":"getModel","decl":{"start":{"line":23,"column":17},"end":{"line":26,"column":16}},"loc":{"start":{"line":23,"column":17},"end":{"line":26,"column":16}},"line":23},"2":{"name":"listModels","decl":{"start":{"line":32,"column":26},"end":{"line":43,"column":2}},"loc":{"start":{"line":32,"column":26},"end":{"line":43,"column":2}},"line":32},"3":{"name":"makeOllamaRequest","decl":{"start":{"line":55,"column":26},"end":{"line":80,"column":2}},"loc":{"start":{"line":55,"column":26},"end":{"line":80,"column":2}},"line":55},"4":{"name":"status","decl":{"start":{"line":99,"column":10},"end":{"line":109,"column":4}},"loc":{"start":{"line":99,"column":10},"end":{"line":109,"column":4}},"line":99},"5":{"name":"generateConcepts","decl":{"start":{"line":111,"column":20},"end":{"line":133,"column":4}},"loc":{"start":{"line":111,"column":20},"end":{"line":133,"column":4}},"line":111},"6":{"name":"generatePromptVariations","decl":{"start":{"line":135,"column":28},"end":{"line":152,"column":4}},"loc":{"start":{"line":135,"column":28},"end":{"line":152,"column":4}},"line":135},"7":{"name":"suggestImprovements","decl":{"start":{"line":154,"column":23},"end":{"line":173,"column":4}},"loc":{"start":{"line":154,"column":23},"end":{"line":173,"column":4}},"line":154},"8":{"name":"generateFullPromptFromData","decl":{"start":{"line":175,"column":30},"end":{"line":198,"column":4}},"loc":{"start":{"line":175,"column":30},"end":{"line":198,"column":4}},"line":175},"9":{"name":"testGeneratedPrompt","decl":{"start":{"line":200,"column":23},"end":{"line":202,"column":4}},"loc":{"start":{"line":200,"column":23},"end":{"line":202,"column":4}},"line":200}},"f":{"0":14,"1":6,"2":5,"3":6,"4":3,"5":6,"6":0,"7":0,"8":0,"9":0}}
,"C:\\y\\synergy-prompt-crafter\\services\\sanitize.ts": {"path":"C:\\y\\synergy-prompt-crafter\\services\\sanitize.ts","all":false,"statementMap":{"8":{"start":{"line":9,"column":0},"end":{"line":9,"column":46}},"9":{"start":{"line":10,"column":0},"end":{"line":10,"column":54}}},"s":{"8":1,"9":34},"branchMap":{"0":{"type":"branch","line":9,"loc":{"start":{"line":9,"column":24},"end":{"line":10,"column":54}},"locations":[{"start":{"line":9,"column":24},"end":{"line":10,"column":54}}]}},"b":{"0":[34]},"fnMap":{"0":{"name":"sanitize","decl":{"start":{"line":9,"column":24},"end":{"line":10,"column":54}},"loc":{"start":{"line":9,"column":24},"end":{"line":10,"column":54}},"line":9}},"f":{"0":34}}
}
